<?xml version="1.0" encoding="UTF-8"?>
<coverage generated="1781263277141" clover="3.2.0">
  <project timestamp="1781263277141" name="All files">
    <metrics statements="498" coveredstatements="364" conditionals="228" coveredconditionals="137" methods="66" coveredmethods="51" elements="792" coveredelements="552" complexity="0" loc="498" ncloc="498" packages="4" files="12" classes="12"/>
    <package name="src">
      <metrics statements="33" coveredstatements="32" conditionals="7" coveredconditionals="5" methods="2" coveredmethods="1"/>
      <file name="app.ts" path="D:\Projects\public-opinion\backend\src\app.ts">
        <metrics statements="33" coveredstatements="32" conditionals="7" coveredconditionals="5" methods="2" coveredmethods="1"/>
        <line num="1" count="3" type="stmt"/>
        <line num="2" count="3" type="stmt"/>
        <line num="3" count="3" type="stmt"/>
        <line num="4" count="3" type="stmt"/>
        <line num="5" count="3" type="stmt"/>
        <line num="6" count="3" type="stmt"/>
        <line num="8" count="3" type="stmt"/>
        <line num="9" count="3" type="stmt"/>
        <line num="10" count="3" type="stmt"/>
        <line num="11" count="3" type="stmt"/>
        <line num="12" count="3" type="stmt"/>
        <line num="13" count="3" type="stmt"/>
        <line num="14" count="3" type="stmt"/>
        <line num="16" count="3" type="stmt"/>
        <line num="18" count="3" type="stmt"/>
        <line num="19" count="3" type="stmt"/>
        <line num="23" count="3" type="cond" truecount="1" falsecount="1"/>
        <line num="24" count="3" type="cond" truecount="1" falsecount="1"/>
        <line num="26" count="3" type="stmt"/>
        <line num="35" count="3" type="stmt"/>
        <line num="41" count="90" type="cond" truecount="3" falsecount="0"/>
        <line num="46" count="3" type="stmt"/>
        <line num="47" count="3" type="stmt"/>
        <line num="50" count="3" type="stmt"/>
        <line num="51" count="3" type="stmt"/>
        <line num="52" count="3" type="stmt"/>
        <line num="53" count="3" type="stmt"/>
        <line num="54" count="3" type="stmt"/>
        <line num="55" count="3" type="stmt"/>
        <line num="58" count="3" type="stmt"/>
        <line num="59" count="0" type="stmt"/>
        <line num="63" count="3" type="stmt"/>
        <line num="65" count="3" type="stmt"/>
      </file>
    </package>
    <package name="src.lib">
      <metrics statements="144" coveredstatements="132" conditionals="114" coveredconditionals="67" methods="34" coveredmethods="31"/>
      <file name="crossLinkValidator.ts" path="D:\Projects\public-opinion\backend\src\lib\crossLinkValidator.ts">
        <metrics statements="90" coveredstatements="86" conditionals="71" coveredconditionals="47" methods="25" coveredmethods="24"/>
        <line num="12" count="3" type="stmt"/>
        <line num="18" count="3" type="stmt"/>
        <line num="19" count="3" type="stmt"/>
        <line num="20" count="3" type="stmt"/>
        <line num="21" count="3" type="stmt"/>
        <line num="28" count="3" type="stmt"/>
        <line num="29" count="15" type="cond" truecount="0" falsecount="1"/>
        <line num="30" count="15" type="stmt"/>
        <line num="33" count="18" type="cond" truecount="4" falsecount="1"/>
        <line num="38" count="18" type="stmt"/>
        <line num="43" count="3" type="stmt"/>
        <line num="44" count="24" type="cond" truecount="0" falsecount="1"/>
        <line num="45" count="24" type="stmt"/>
        <line num="48" count="30" type="cond" truecount="3" falsecount="1"/>
        <line num="53" count="0" type="stmt"/>
        <line num="63" count="3" type="stmt"/>
        <line num="67" count="22" type="stmt"/>
        <line num="68" count="22" type="stmt"/>
        <line num="69" count="11" type="stmt"/>
        <line num="71" count="22" type="stmt"/>
        <line num="72" count="22" type="stmt"/>
        <line num="73" count="11" type="cond" truecount="1" falsecount="1"/>
        <line num="74" count="9" type="stmt"/>
        <line num="75" count="22" type="stmt"/>
        <line num="77" count="22" type="stmt"/>
        <line num="78" count="9" type="stmt"/>
        <line num="79" count="9" type="cond" truecount="0" falsecount="1"/>
        <line num="80" count="9" type="stmt"/>
        <line num="81" count="9" type="stmt"/>
        <line num="82" count="9" type="cond" truecount="0" falsecount="1"/>
        <line num="83" count="9" type="cond" truecount="1" falsecount="2"/>
        <line num="84" count="12" type="stmt"/>
        <line num="85" count="9" type="stmt"/>
        <line num="86" count="0" type="cond" truecount="0" falsecount="3"/>
        <line num="90" count="22" type="stmt"/>
        <line num="120" count="3" type="stmt"/>
        <line num="123" count="23" type="stmt"/>
        <line num="126" count="23" type="cond" truecount="3" falsecount="0"/>
        <line num="127" count="2" type="stmt"/>
        <line num="128" count="2" type="stmt"/>
        <line num="129" count="2" type="cond" truecount="2" falsecount="1"/>
        <line num="130" count="1" type="stmt"/>
        <line num="136" count="22" type="stmt"/>
        <line num="139" count="22" type="cond" truecount="2" falsecount="0"/>
        <line num="140" count="11" type="stmt"/>
        <line num="146" count="22" type="cond" truecount="1" falsecount="0"/>
        <line num="148" count="19" type="stmt"/>
        <line num="149" count="19" type="stmt"/>
        <line num="158" count="21" type="stmt"/>
        <line num="159" count="19" type="stmt"/>
        <line num="160" count="19" type="stmt"/>
        <line num="161" count="19" type="stmt"/>
        <line num="162" count="19" type="stmt"/>
        <line num="163" count="19" type="stmt"/>
        <line num="165" count="19" type="stmt"/>
        <line num="166" count="21" type="cond" truecount="4" falsecount="0"/>
        <line num="167" count="6" type="stmt"/>
        <line num="171" count="19" type="stmt"/>
        <line num="172" count="6" type="stmt"/>
        <line num="173" count="6" type="cond" truecount="0" falsecount="1"/>
        <line num="174" count="6" type="stmt"/>
        <line num="175" count="6" type="cond" truecount="0" falsecount="1"/>
        <line num="176" count="6" type="stmt"/>
        <line num="177" count="6" type="cond" truecount="0" falsecount="1"/>
        <line num="178" count="6" type="stmt"/>
        <line num="179" count="6" type="cond" truecount="1" falsecount="2"/>
        <line num="180" count="6" type="stmt"/>
        <line num="181" count="0" type="cond" truecount="0" falsecount="1"/>
        <line num="186" count="19" type="stmt"/>
        <line num="188" count="21" type="stmt"/>
        <line num="189" count="21" type="stmt"/>
        <line num="191" count="19" type="cond" truecount="2" falsecount="0"/>
        <line num="197" count="19" type="stmt"/>
        <line num="200" count="19" type="cond" truecount="2" falsecount="0"/>
        <line num="204" count="19" type="stmt"/>
        <line num="208" count="21" type="cond" truecount="2" falsecount="1"/>
        <line num="212" count="21" type="cond" truecount="0" falsecount="1"/>
        <line num="215" count="21" type="cond" truecount="4" falsecount="0"/>
        <line num="219" count="21" type="cond" truecount="2" falsecount="0"/>
        <line num="223" count="21" type="stmt"/>
        <line num="226" count="19" type="cond" truecount="2" falsecount="1"/>
        <line num="229" count="19" type="stmt"/>
        <line num="233" count="21" type="cond" truecount="3" falsecount="0"/>
        <line num="234" count="17" type="stmt"/>
        <line num="236" count="21" type="cond" truecount="1" falsecount="0"/>
        <line num="240" count="13" type="cond" truecount="4" falsecount="0"/>
        <line num="241" count="6" type="stmt"/>
        <line num="243" count="7" type="cond" truecount="1" falsecount="2"/>
        <line num="244" count="0" type="stmt"/>
        <line num="248" count="13" type="stmt"/>
      </file>
      <file name="events.ts" path="D:\Projects\public-opinion\backend\src\lib\events.ts">
        <metrics statements="51" coveredstatements="44" conditionals="43" coveredconditionals="20" methods="8" coveredmethods="7"/>
        <line num="9" count="4" type="stmt"/>
        <line num="104" count="4" type="stmt"/>
        <line num="105" count="32" type="cond" truecount="6" falsecount="1"/>
        <line num="107" count="3" type="stmt"/>
        <line num="109" count="1" type="stmt"/>
        <line num="111" count="2" type="stmt"/>
        <line num="113" count="0" type="stmt"/>
        <line num="115" count="21" type="stmt"/>
        <line num="117" count="3" type="stmt"/>
        <line num="119" count="2" type="stmt"/>
        <line num="126" count="3" type="stmt"/>
        <line num="127" count="3" type="stmt"/>
        <line num="129" count="3" type="stmt"/>
        <line num="196" count="3" type="stmt"/>
        <line num="200" count="1" type="stmt"/>
        <line num="202" count="1" type="stmt"/>
        <line num="219" count="1" type="stmt"/>
        <line num="224" count="1" type="stmt"/>
        <line num="228" count="2" type="stmt"/>
        <line num="230" count="2" type="stmt"/>
        <line num="248" count="2" type="stmt"/>
        <line num="252" count="0" type="stmt"/>
        <line num="254" count="0" type="stmt"/>
        <line num="288" count="0" type="stmt"/>
        <line num="293" count="0" type="stmt"/>
        <line num="297" count="21" type="stmt"/>
        <line num="299" count="21" type="stmt"/>
        <line num="331" count="21" type="cond" truecount="0" falsecount="1"/>
        <line num="332" count="0" type="stmt"/>
        <line num="338" count="21" type="stmt"/>
        <line num="346" count="21" type="stmt"/>
        <line num="352" count="3" type="stmt"/>
        <line num="354" count="3" type="stmt"/>
        <line num="355" count="3" type="cond" truecount="1" falsecount="0"/>
        <line num="356" count="1" type="stmt"/>
        <line num="359" count="2" type="stmt"/>
        <line num="361" count="2" type="stmt"/>
        <line num="400" count="2" type="stmt"/>
        <line num="401" count="2" type="stmt"/>
        <line num="406" count="2" type="stmt"/>
        <line num="410" count="2" type="stmt"/>
        <line num="412" count="2" type="stmt"/>
        <line num="413" count="2" type="cond" truecount="3" falsecount="0"/>
        <line num="414" count="1" type="stmt"/>
        <line num="417" count="1" type="stmt"/>
        <line num="418" count="1" type="cond" truecount="0" falsecount="1"/>
        <line num="419" count="0" type="stmt"/>
        <line num="422" count="1" type="stmt"/>
        <line num="423" count="1" type="stmt"/>
        <line num="425" count="1" type="stmt"/>
        <line num="480" count="1" type="stmt"/>
      </file>
      <file name="relationTypes.ts" path="D:\Projects\public-opinion\backend\src\lib\relationTypes.ts">
        <metrics statements="3" coveredstatements="2" conditionals="0" coveredconditionals="0" methods="1" coveredmethods="0"/>
        <line num="35" count="4" type="stmt"/>
        <line num="58" count="4" type="stmt"/>
        <line num="59" count="0" type="stmt"/>
      </file>
    </package>
    <package name="src.middleware">
      <metrics statements="34" coveredstatements="21" conditionals="8" coveredconditionals="4" methods="3" coveredmethods="3"/>
      <file name="auth.ts" path="D:\Projects\public-opinion\backend\src\middleware\auth.ts">
        <metrics statements="16" coveredstatements="14" conditionals="4" coveredconditionals="3" methods="1" coveredmethods="1"/>
        <line num="2" count="3" type="stmt"/>
        <line num="13" count="3" type="stmt"/>
        <line num="14" count="51" type="stmt"/>
        <line num="16" count="51" type="cond" truecount="3" falsecount="0"/>
        <line num="17" count="3" type="stmt"/>
        <line num="18" count="3" type="stmt"/>
        <line num="21" count="48" type="stmt"/>
        <line num="22" count="48" type="stmt"/>
        <line num="24" count="48" type="cond" truecount="0" falsecount="1"/>
        <line num="25" count="0" type="stmt"/>
        <line num="26" count="0" type="stmt"/>
        <line num="29" count="48" type="stmt"/>
        <line num="30" count="48" type="stmt"/>
        <line num="31" count="47" type="stmt"/>
        <line num="32" count="47" type="stmt"/>
        <line num="34" count="1" type="stmt"/>
      </file>
      <file name="errorHandler.ts" path="D:\Projects\public-opinion\backend\src\middleware\errorHandler.ts">
        <metrics statements="18" coveredstatements="7" conditionals="4" coveredconditionals="1" methods="2" coveredmethods="2"/>
        <line num="2" count="3" type="stmt"/>
        <line num="3" count="3" type="stmt"/>
        <line num="6" count="3" type="stmt"/>
        <line num="13" count="2" type="cond" truecount="1" falsecount="0"/>
        <line num="14" count="2" type="stmt"/>
        <line num="16" count="2" type="stmt"/>
        <line num="21" count="2" type="stmt"/>
        <line num="25" count="0" type="cond" truecount="0" falsecount="1"/>
        <line num="26" count="0" type="cond" truecount="0" falsecount="1"/>
        <line num="27" count="0" type="stmt"/>
        <line num="28" count="0" type="stmt"/>
        <line num="30" count="0" type="cond" truecount="0" falsecount="1"/>
        <line num="31" count="0" type="stmt"/>
        <line num="32" count="0" type="stmt"/>
        <line num="34" count="0" type="stmt"/>
        <line num="35" count="0" type="stmt"/>
        <line num="39" count="0" type="stmt"/>
        <line num="40" count="0" type="stmt"/>
      </file>
    </package>
    <package name="src.routes">
      <metrics statements="287" coveredstatements="179" conditionals="99" coveredconditionals="61" methods="27" coveredmethods="16"/>
      <file name="auth.ts" path="D:\Projects\public-opinion\backend\src\routes\auth.ts">
        <metrics statements="40" coveredstatements="15" conditionals="3" coveredconditionals="0" methods="3" coveredmethods="0"/>
        <line num="1" count="3" type="stmt"/>
        <line num="2" count="3" type="stmt"/>
        <line num="3" count="3" type="stmt"/>
        <line num="4" count="3" type="stmt"/>
        <line num="5" count="3" type="stmt"/>
        <line num="6" count="3" type="stmt"/>
        <line num="7" count="3" type="stmt"/>
        <line num="8" count="3" type="stmt"/>
        <line num="10" count="3" type="stmt"/>
        <line num="12" count="3" type="stmt"/>
        <line num="21" count="3" type="stmt"/>
        <line num="27" count="3" type="stmt"/>
        <line num="28" count="0" type="stmt"/>
        <line num="29" count="0" type="stmt"/>
        <line num="30" count="0" type="stmt"/>
        <line num="31" count="0" type="stmt"/>
        <line num="33" count="0" type="stmt"/>
        <line num="39" count="0" type="stmt"/>
        <line num="41" count="0" type="stmt"/>
        <line num="46" count="3" type="stmt"/>
        <line num="47" count="0" type="stmt"/>
        <line num="48" count="0" type="stmt"/>
        <line num="49" count="0" type="stmt"/>
        <line num="51" count="0" type="cond" truecount="0" falsecount="1"/>
        <line num="52" count="0" type="stmt"/>
        <line num="53" count="0" type="stmt"/>
        <line num="56" count="0" type="stmt"/>
        <line num="57" count="0" type="cond" truecount="0" falsecount="1"/>
        <line num="58" count="0" type="stmt"/>
        <line num="59" count="0" type="stmt"/>
        <line num="62" count="0" type="stmt"/>
        <line num="63" count="0" type="cond" truecount="0" falsecount="1"/>
        <line num="64" count="0" type="stmt"/>
        <line num="65" count="0" type="stmt"/>
        <line num="68" count="0" type="stmt"/>
        <line num="72" count="0" type="stmt"/>
        <line num="78" count="0" type="stmt"/>
        <line num="83" count="3" type="stmt"/>
        <line num="84" count="0" type="stmt"/>
        <line num="87" count="3" type="stmt"/>
      </file>
      <file name="messages.ts" path="D:\Projects\public-opinion\backend\src\routes\messages.ts">
        <metrics statements="38" coveredstatements="12" conditionals="14" coveredconditionals="0" methods="2" coveredmethods="0"/>
        <line num="1" count="3" type="stmt"/>
        <line num="2" count="3" type="stmt"/>
        <line num="3" count="3" type="stmt"/>
        <line num="4" count="3" type="stmt"/>
        <line num="5" count="3" type="stmt"/>
        <line num="6" count="3" type="stmt"/>
        <line num="8" count="3" type="stmt"/>
        <line num="10" count="3" type="stmt"/>
        <line num="19" count="3" type="stmt"/>
        <line num="25" count="3" type="stmt"/>
        <line num="26" count="0" type="stmt"/>
        <line num="27" count="0" type="stmt"/>
        <line num="28" count="0" type="stmt"/>
        <line num="29" count="0" type="stmt"/>
        <line num="31" count="0" type="stmt"/>
        <line num="32" count="0" type="cond" truecount="0" falsecount="1"/>
        <line num="33" count="0" type="stmt"/>
        <line num="34" count="0" type="stmt"/>
        <line num="37" count="0" type="stmt"/>
        <line num="48" count="0" type="stmt"/>
        <line num="53" count="0" type="stmt"/>
        <line num="58" count="3" type="stmt"/>
        <line num="59" count="0" type="stmt"/>
        <line num="60" count="0" type="stmt"/>
        <line num="61" count="0" type="stmt"/>
        <line num="63" count="0" type="stmt"/>
        <line num="64" count="0" type="cond" truecount="0" falsecount="1"/>
        <line num="65" count="0" type="stmt"/>
        <line num="66" count="0" type="stmt"/>
        <line num="68" count="0" type="cond" truecount="0" falsecount="1"/>
        <line num="69" count="0" type="stmt"/>
        <line num="70" count="0" type="stmt"/>
        <line num="74" count="0" type="cond" truecount="0" falsecount="1"/>
        <line num="75" count="0" type="stmt"/>
        <line num="78" count="0" type="stmt"/>
        <line num="93" count="0" type="stmt"/>
        <line num="95" count="0" type="stmt"/>
        <line num="99" count="3" type="stmt"/>
      </file>
      <file name="points.ts" path="D:\Projects\public-opinion\backend\src\routes\points.ts">
        <metrics statements="23" coveredstatements="21" conditionals="7" coveredconditionals="7" methods="2" coveredmethods="2"/>
        <line num="1" count="3" type="stmt"/>
        <line num="2" count="3" type="stmt"/>
        <line num="3" count="3" type="stmt"/>
        <line num="5" count="3" type="stmt"/>
        <line num="8" count="3" type="stmt"/>
        <line num="9" count="3" type="stmt"/>
        <line num="10" count="3" type="stmt"/>
        <line num="12" count="3" type="stmt"/>
        <line num="23" count="3" type="cond" truecount="3" falsecount="0"/>
        <line num="24" count="1" type="stmt"/>
        <line num="25" count="1" type="stmt"/>
        <line num="28" count="2" type="stmt"/>
        <line num="39" count="0" type="stmt"/>
        <line num="44" count="3" type="stmt"/>
        <line num="45" count="3" type="stmt"/>
        <line num="46" count="3" type="stmt"/>
        <line num="47" count="3" type="cond" truecount="2" falsecount="0"/>
        <line num="48" count="3" type="cond" truecount="2" falsecount="0"/>
        <line num="49" count="3" type="stmt"/>
        <line num="51" count="3" type="stmt"/>
        <line num="69" count="3" type="stmt"/>
        <line num="79" count="0" type="stmt"/>
        <line num="83" count="3" type="stmt"/>
      </file>
      <file name="relations.ts" path="D:\Projects\public-opinion\backend\src\routes\relations.ts">
        <metrics statements="127" coveredstatements="106" conditionals="69" coveredconditionals="53" methods="15" coveredmethods="13"/>
        <line num="1" count="3" type="stmt"/>
        <line num="2" count="3" type="stmt"/>
        <line num="3" count="3" type="stmt"/>
        <line num="4" count="3" type="stmt"/>
        <line num="5" count="3" type="stmt"/>
        <line num="6" count="3" type="stmt"/>
        <line num="7" count="3" type="stmt"/>
        <line num="13" count="3" type="stmt"/>
        <line num="32" count="3" type="stmt"/>
        <line num="52" count="3" type="stmt"/>
        <line num="54" count="1" type="stmt"/>
        <line num="70" count="40" type="cond" truecount="1" falsecount="4"/>
        <line num="71" count="0" type="stmt"/>
        <line num="77" count="40" type="cond" truecount="2" falsecount="1"/>
        <line num="78" count="0" type="stmt"/>
        <line num="84" count="40" type="cond" truecount="3" falsecount="0"/>
        <line num="85" count="1" type="stmt"/>
        <line num="93" count="3" type="stmt"/>
        <line num="94" count="3" type="stmt"/>
        <line num="96" count="3" type="stmt"/>
        <line num="106" count="3" type="stmt"/>
        <line num="107" count="3" type="stmt"/>
        <line num="108" count="3" type="stmt"/>
        <line num="109" count="3" type="stmt"/>
        <line num="110" count="3" type="stmt"/>
        <line num="112" count="3" type="stmt"/>
        <line num="113" count="3" type="cond" truecount="1" falsecount="0"/>
        <line num="114" count="1" type="stmt"/>
        <line num="115" count="1" type="stmt"/>
        <line num="119" count="2" type="stmt"/>
        <line num="131" count="2" type="stmt"/>
        <line num="142" count="2" type="stmt"/>
        <line num="147" count="0" type="stmt"/>
        <line num="152" count="3" type="stmt"/>
        <line num="153" count="41" type="stmt"/>
        <line num="154" count="41" type="stmt"/>
        <line num="155" count="41" type="stmt"/>
        <line num="157" count="39" type="stmt"/>
        <line num="158" count="39" type="cond" truecount="1" falsecount="0"/>
        <line num="159" count="1" type="stmt"/>
        <line num="160" count="1" type="stmt"/>
        <line num="162" count="38" type="cond" truecount="1" falsecount="0"/>
        <line num="163" count="1" type="stmt"/>
        <line num="164" count="1" type="stmt"/>
        <line num="173" count="37" type="stmt"/>
        <line num="175" count="37" type="cond" truecount="3" falsecount="0"/>
        <line num="176" count="1" type="stmt"/>
        <line num="177" count="1" type="stmt"/>
        <line num="180" count="36" type="cond" truecount="3" falsecount="0"/>
        <line num="181" count="2" type="stmt"/>
        <line num="182" count="2" type="stmt"/>
        <line num="187" count="34" type="stmt"/>
        <line num="191" count="34" type="cond" truecount="3" falsecount="0"/>
        <line num="192" count="4" type="stmt"/>
        <line num="193" count="4" type="stmt"/>
        <line num="197" count="30" type="cond" truecount="1" falsecount="0"/>
        <line num="198" count="6" type="stmt"/>
        <line num="201" count="6" type="cond" truecount="1" falsecount="0"/>
        <line num="202" count="1" type="stmt"/>
        <line num="203" count="1" type="stmt"/>
        <line num="208" count="29" type="stmt"/>
        <line num="209" count="29" type="cond" truecount="2" falsecount="0"/>
        <line num="210" count="15" type="stmt"/>
        <line num="212" count="29" type="stmt"/>
        <line num="213" count="29" type="stmt"/>
        <line num="214" count="14" type="stmt"/>
        <line num="219" count="29" type="stmt"/>
        <line num="220" count="29" type="cond" truecount="0" falsecount="1"/>
        <line num="221" count="0" type="stmt"/>
        <line num="222" count="0" type="stmt"/>
        <line num="226" count="29" type="cond" truecount="1" falsecount="0"/>
        <line num="227" count="14" type="stmt"/>
        <line num="228" count="14" type="stmt"/>
        <line num="232" count="14" type="cond" truecount="0" falsecount="1"/>
        <line num="233" count="0" type="stmt"/>
        <line num="234" count="0" type="stmt"/>
        <line num="239" count="29" type="stmt"/>
        <line num="240" count="29" type="cond" truecount="1" falsecount="0"/>
        <line num="241" count="14" type="stmt"/>
        <line num="242" count="14" type="stmt"/>
        <line num="246" count="14" type="cond" truecount="1" falsecount="0"/>
        <line num="247" count="1" type="stmt"/>
        <line num="248" count="1" type="stmt"/>
        <line num="253" count="13" type="stmt"/>
        <line num="254" count="13" type="stmt"/>
        <line num="255" count="13" type="stmt"/>
        <line num="256" count="13" type="stmt"/>
        <line num="257" count="13" type="stmt"/>
        <line num="258" count="13" type="stmt"/>
        <line num="259" count="9" type="cond" truecount="0" falsecount="1"/>
        <line num="260" count="9" type="stmt"/>
        <line num="261" count="9" type="stmt"/>
        <line num="263" count="13" type="stmt"/>
        <line num="264" count="13" type="cond" truecount="1" falsecount="1"/>
        <line num="265" count="9" type="stmt"/>
        <line num="267" count="13" type="stmt"/>
        <line num="268" count="9" type="stmt"/>
        <line num="269" count="9" type="stmt"/>
        <line num="270" count="9" type="cond" truecount="3" falsecount="2"/>
        <line num="271" count="9" type="stmt"/>
        <line num="272" count="9" type="cond" truecount="1" falsecount="0"/>
        <line num="273" count="0" type="stmt"/>
        <line num="277" count="0" type="stmt"/>
        <line num="278" count="0" type="stmt"/>
        <line num="279" count="0" type="stmt"/>
        <line num="283" count="13" type="stmt"/>
        <line num="289" count="28" type="cond" truecount="4" falsecount="0"/>
        <line num="290" count="23" type="stmt"/>
        <line num="297" count="23" type="cond" truecount="1" falsecount="0"/>
        <line num="298" count="7" type="stmt"/>
        <line num="299" count="7" type="stmt"/>
        <line num="304" count="21" type="cond" truecount="5" falsecount="0"/>
        <line num="309" count="21" type="cond" truecount="0" falsecount="1"/>
        <line num="310" count="0" type="stmt"/>
        <line num="313" count="0" type="cond" truecount="0" falsecount="1"/>
        <line num="314" count="0" type="stmt"/>
        <line num="315" count="0" type="stmt"/>
        <line num="317" count="0" type="cond" truecount="0" falsecount="1"/>
        <line num="318" count="0" type="stmt"/>
        <line num="319" count="0" type="stmt"/>
        <line num="321" count="0" type="cond" truecount="0" falsecount="1"/>
        <line num="322" count="0" type="stmt"/>
        <line num="323" count="0" type="stmt"/>
        <line num="329" count="21" type="stmt"/>
        <line num="343" count="21" type="stmt"/>
        <line num="354" count="2" type="stmt"/>
        <line num="358" count="3" type="stmt"/>
      </file>
      <file name="rules.ts" path="D:\Projects\public-opinion\backend\src\routes\rules.ts">
        <metrics statements="12" coveredstatements="11" conditionals="1" coveredconditionals="1" methods="1" coveredmethods="1"/>
        <line num="1" count="3" type="stmt"/>
        <line num="2" count="3" type="stmt"/>
        <line num="4" count="3" type="stmt"/>
        <line num="7" count="3" type="stmt"/>
        <line num="8" count="3" type="stmt"/>
        <line num="9" count="3" type="stmt"/>
        <line num="22" count="3" type="cond" truecount="1" falsecount="0"/>
        <line num="23" count="1" type="stmt"/>
        <line num="24" count="1" type="stmt"/>
        <line num="27" count="2" type="stmt"/>
        <line num="29" count="0" type="stmt"/>
        <line num="33" count="3" type="stmt"/>
      </file>
      <file name="topics.ts" path="D:\Projects\public-opinion\backend\src\routes\topics.ts">
        <metrics statements="47" coveredstatements="14" conditionals="5" coveredconditionals="0" methods="4" coveredmethods="0"/>
        <line num="1" count="3" type="stmt"/>
        <line num="2" count="3" type="stmt"/>
        <line num="3" count="3" type="stmt"/>
        <line num="4" count="3" type="stmt"/>
        <line num="5" count="3" type="stmt"/>
        <line num="7" count="3" type="stmt"/>
        <line num="9" count="3" type="stmt"/>
        <line num="14" count="3" type="stmt"/>
        <line num="18" count="3" type="stmt"/>
        <line num="26" count="3" type="stmt"/>
        <line num="27" count="0" type="stmt"/>
        <line num="28" count="0" type="stmt"/>
        <line num="29" count="0" type="stmt"/>
        <line num="31" count="0" type="cond" truecount="0" falsecount="2"/>
        <line num="40" count="0" type="stmt"/>
        <line num="54" count="0" type="stmt"/>
        <line num="59" count="0" type="stmt"/>
        <line num="64" count="3" type="stmt"/>
        <line num="65" count="0" type="stmt"/>
        <line num="66" count="0" type="stmt"/>
        <line num="67" count="0" type="stmt"/>
        <line num="72" count="0" type="stmt"/>
        <line num="74" count="0" type="stmt"/>
        <line num="79" count="3" type="stmt"/>
        <line num="80" count="0" type="stmt"/>
        <line num="81" count="0" type="stmt"/>
        <line num="82" count="0" type="stmt"/>
        <line num="90" count="0" type="cond" truecount="0" falsecount="1"/>
        <line num="91" count="0" type="stmt"/>
        <line num="92" count="0" type="stmt"/>
        <line num="95" count="0" type="stmt"/>
        <line num="97" count="0" type="stmt"/>
        <line num="102" count="3" type="stmt"/>
        <line num="103" count="0" type="stmt"/>
        <line num="104" count="0" type="stmt"/>
        <line num="105" count="0" type="stmt"/>
        <line num="106" count="0" type="stmt"/>
        <line num="108" count="0" type="cond" truecount="0" falsecount="1"/>
        <line num="109" count="0" type="stmt"/>
        <line num="110" count="0" type="stmt"/>
        <line num="113" count="0" type="cond" truecount="0" falsecount="1"/>
        <line num="114" count="0" type="stmt"/>
        <line num="115" count="0" type="stmt"/>
        <line num="118" count="0" type="stmt"/>
        <line num="125" count="0" type="stmt"/>
        <line num="127" count="0" type="stmt"/>
        <line num="131" count="3" type="stmt"/>
      </file>
    </package>
  </project>
</coverage>
