{"D:\\Projects\\public-opinion\\backend\\src\\app.ts": {"path":"D:\\Projects\\public-opinion\\backend\\src\\app.ts","statementMap":{"0":{"start":{"line":1,"column":0},"end":{"line":1,"column":30}},"1":{"start":{"line":2,"column":0},"end":{"line":2,"column":24}},"2":{"start":{"line":3,"column":0},"end":{"line":3,"column":24}},"3":{"start":{"line":4,"column":0},"end":{"line":4,"column":43}},"4":{"start":{"line":5,"column":0},"end":{"line":5,"column":26}},"5":{"start":{"line":6,"column":0},"end":{"line":6,"column":43}},"6":{"start":{"line":8,"column":0},"end":{"line":8,"column":39}},"7":{"start":{"line":9,"column":0},"end":{"line":9,"column":43}},"8":{"start":{"line":10,"column":0},"end":{"line":10,"column":47}},"9":{"start":{"line":11,"column":0},"end":{"line":11,"column":49}},"10":{"start":{"line":12,"column":0},"end":{"line":12,"column":43}},"11":{"start":{"line":13,"column":0},"end":{"line":13,"column":41}},"12":{"start":{"line":14,"column":0},"end":{"line":14,"column":57}},"13":{"start":{"line":16,"column":12},"end":{"line":16,"column":21}},"14":{"start":{"line":18,"column":0},"end":{"line":18,"column":16}},"15":{"start":{"line":19,"column":0},"end":{"line":19,"column":24}},"16":{"start":{"line":23,"column":24},"end":{"line":23,"column":67}},"17":{"start":{"line":24,"column":23},"end":{"line":24,"column":66}},"18":{"start":{"line":26,"column":20},"end":{"line":32,"column":2}},"19":{"start":{"line":35,"column":21},"end":{"line":42,"column":2}},"20":{"start":{"line":41,"column":17},"end":{"line":41,"column":90}},"21":{"start":{"line":46,"column":24},"end":{"line":46,"column":111}},"22":{"start":{"line":47,"column":0},"end":{"line":47,"column":72}},"23":{"start":{"line":50,"column":0},"end":{"line":50,"column":46}},"24":{"start":{"line":51,"column":0},"end":{"line":51,"column":51}},"25":{"start":{"line":52,"column":0},"end":{"line":52,"column":71}},"26":{"start":{"line":53,"column":0},"end":{"line":53,"column":73}},"27":{"start":{"line":54,"column":0},"end":{"line":54,"column":37}},"28":{"start":{"line":55,"column":0},"end":{"line":55,"column":35}},"29":{"start":{"line":58,"column":0},"end":{"line":60,"column":3}},"30":{"start":{"line":59,"column":2},"end":{"line":59,"column":66}},"31":{"start":{"line":63,"column":0},"end":{"line":63,"column":22}},"32":{"start":{"line":65,"column":0},"end":{"line":65,"column":19}}},"fnMap":{"0":{"name":"(anonymous_1)","decl":{"start":{"line":41,"column":8},"end":{"line":41,"column":9}},"loc":{"start":{"line":41,"column":17},"end":{"line":41,"column":90}}},"1":{"name":"(anonymous_2)","decl":{"start":{"line":58,"column":19},"end":{"line":58,"column":20}},"loc":{"start":{"line":58,"column":33},"end":{"line":60,"column":1}}}},"branchMap":{"0":{"loc":{"start":{"line":23,"column":24},"end":{"line":23,"column":67}},"type":"cond-expr","locations":[{"start":{"line":23,"column":58},"end":{"line":23,"column":62}},{"start":{"line":23,"column":65},"end":{"line":23,"column":67}}]},"1":{"loc":{"start":{"line":24,"column":23},"end":{"line":24,"column":66}},"type":"cond-expr","locations":[{"start":{"line":24,"column":57},"end":{"line":24,"column":61}},{"start":{"line":24,"column":64},"end":{"line":24,"column":66}}]},"2":{"loc":{"start":{"line":41,"column":17},"end":{"line":41,"column":90}},"type":"binary-expr","locations":[{"start":{"line":41,"column":17},"end":{"line":41,"column":37}},{"start":{"line":41,"column":41},"end":{"line":41,"column":62}},{"start":{"line":41,"column":66},"end":{"line":41,"column":90}}]}},"s":{"0":3,"1":3,"2":3,"3":3,"4":3,"5":3,"6":3,"7":3,"8":3,"9":3,"10":3,"11":3,"12":3,"13":3,"14":3,"15":3,"16":3,"17":3,"18":3,"19":3,"20":90,"21":3,"22":3,"23":3,"24":3,"25":3,"26":3,"27":3,"28":3,"29":3,"30":0,"31":3,"32":3},"f":{"0":90,"1":0},"b":{"0":[3,0],"1":[3,0],"2":[90,84,84]}}
,"D:\\Projects\\public-opinion\\backend\\src\\lib\\crossLinkValidator.ts": {"path":"D:\\Projects\\public-opinion\\backend\\src\\lib\\crossLinkValidator.ts","statementMap":{"0":{"start":{"line":28,"column":0},"end":{"line":28,"column":16}},"1":{"start":{"line":43,"column":0},"end":{"line":43,"column":16}},"2":{"start":{"line":63,"column":0},"end":{"line":63,"column":16}},"3":{"start":{"line":120,"column":0},"end":{"line":120,"column":7}},"4":{"start":{"line":12,"column":0},"end":{"line":12,"column":34}},"5":{"start":{"line":18,"column":13},"end":{"line":18,"column":70}},"6":{"start":{"line":19,"column":13},"end":{"line":19,"column":67}},"7":{"start":{"line":20,"column":13},"end":{"line":20,"column":69}},"8":{"start":{"line":21,"column":13},"end":{"line":21,"column":70}},"9":{"start":{"line":29,"column":2},"end":{"line":29,"column":44}},"10":{"start":{"line":29,"column":34},"end":{"line":29,"column":44}},"11":{"start":{"line":30,"column":2},"end":{"line":39,"column":5}},"12":{"start":{"line":33,"column":8},"end":{"line":36,"column":70}},"13":{"start":{"line":38,"column":18},"end":{"line":38,"column":31}},"14":{"start":{"line":44,"column":2},"end":{"line":44,"column":44}},"15":{"start":{"line":44,"column":34},"end":{"line":44,"column":44}},"16":{"start":{"line":45,"column":2},"end":{"line":54,"column":5}},"17":{"start":{"line":48,"column":8},"end":{"line":51,"column":72}},"18":{"start":{"line":53,"column":18},"end":{"line":53,"column":32}},"19":{"start":{"line":67,"column":26},"end":{"line":67,"column":55}},"20":{"start":{"line":68,"column":23},"end":{"line":69,"column":null}},"21":{"start":{"line":69,"column":38},"end":{"line":69,"column":60}},"22":{"start":{"line":71,"column":34},"end":{"line":71,"column":86}},"23":{"start":{"line":72,"column":16},"end":{"line":74,"column":23}},"24":{"start":{"line":73,"column":19},"end":{"line":73,"column":70}},"25":{"start":{"line":74,"column":16},"end":{"line":74,"column":22}},"26":{"start":{"line":75,"column":18},"end":{"line":75,"column":35}},"27":{"start":{"line":77,"column":2},"end":{"line":88,"column":3}},"28":{"start":{"line":78,"column":18},"end":{"line":78,"column":32}},"29":{"start":{"line":79,"column":4},"end":{"line":79,"column":37}},"30":{"start":{"line":79,"column":28},"end":{"line":79,"column":37}},"31":{"start":{"line":80,"column":4},"end":{"line":80,"column":23}},"32":{"start":{"line":81,"column":16},"end":{"line":81,"column":39}},"33":{"start":{"line":82,"column":4},"end":{"line":82,"column":23}},"34":{"start":{"line":82,"column":14},"end":{"line":82,"column":23}},"35":{"start":{"line":83,"column":4},"end":{"line":83,"column":71}},"36":{"start":{"line":83,"column":62},"end":{"line":83,"column":71}},"37":{"start":{"line":84,"column":4},"end":{"line":84,"column":80}},"38":{"start":{"line":84,"column":55},"end":{"line":84,"column":78}},"39":{"start":{"line":85,"column":4},"end":{"line":87,"column":5}},"40":{"start":{"line":86,"column":6},"end":{"line":86,"column":94}},"41":{"start":{"line":86,"column":70},"end":{"line":86,"column":94}},"42":{"start":{"line":90,"column":2},"end":{"line":90,"column":30}},"43":{"start":{"line":123,"column":89},"end":{"line":123,"column":95}},"44":{"start":{"line":126,"column":2},"end":{"line":133,"column":3}},"45":{"start":{"line":127,"column":41},"end":{"line":127,"column":82}},"46":{"start":{"line":128,"column":4},"end":{"line":132,"column":5}},"47":{"start":{"line":128,"column":55},"end":{"line":128,"column":87}},"48":{"start":{"line":129,"column":6},"end":{"line":131,"column":7}},"49":{"start":{"line":130,"column":8},"end":{"line":130,"column":63}},"50":{"start":{"line":136,"column":31},"end":{"line":144,"column":4}},"51":{"start":{"line":139,"column":21},"end":{"line":139,"column":71}},"52":{"start":{"line":140,"column":18},"end":{"line":140,"column":30}},"53":{"start":{"line":146,"column":2},"end":{"line":146,"column":61}},"54":{"start":{"line":146,"column":41},"end":{"line":146,"column":61}},"55":{"start":{"line":148,"column":34},"end":{"line":148,"column":63}},"56":{"start":{"line":149,"column":27},"end":{"line":152,"column":4}},"57":{"start":{"line":158,"column":21},"end":{"line":158,"column":66}},"58":{"start":{"line":158,"column":55},"end":{"line":158,"column":64}},"59":{"start":{"line":159,"column":26},"end":{"line":159,"column":78}},"60":{"start":{"line":160,"column":30},"end":{"line":160,"column":74}},"61":{"start":{"line":160,"column":68},"end":{"line":160,"column":72}},"62":{"start":{"line":161,"column":35},"end":{"line":161,"column":52}},"63":{"start":{"line":162,"column":29},"end":{"line":162,"column":31}},"64":{"start":{"line":163,"column":21},"end":{"line":163,"column":38}},"65":{"start":{"line":165,"column":2},"end":{"line":169,"column":3}},"66":{"start":{"line":166,"column":4},"end":{"line":168,"column":5}},"67":{"start":{"line":167,"column":6},"end":{"line":167,"column":28}},"68":{"start":{"line":171,"column":2},"end":{"line":183,"column":3}},"69":{"start":{"line":172,"column":18},"end":{"line":172,"column":35}},"70":{"start":{"line":173,"column":4},"end":{"line":173,"column":40}},"71":{"start":{"line":173,"column":31},"end":{"line":173,"column":40}},"72":{"start":{"line":174,"column":4},"end":{"line":174,"column":26}},"73":{"start":{"line":175,"column":4},"end":{"line":175,"column":49}},"74":{"start":{"line":175,"column":40},"end":{"line":175,"column":49}},"75":{"start":{"line":176,"column":19},"end":{"line":176,"column":40}},"76":{"start":{"line":177,"column":4},"end":{"line":177,"column":26}},"77":{"start":{"line":177,"column":17},"end":{"line":177,"column":26}},"78":{"start":{"line":178,"column":4},"end":{"line":178,"column":92}},"79":{"start":{"line":178,"column":58},"end":{"line":178,"column":90}},"80":{"start":{"line":179,"column":4},"end":{"line":179,"column":66}},"81":{"start":{"line":179,"column":57},"end":{"line":179,"column":66}},"82":{"start":{"line":180,"column":4},"end":{"line":182,"column":5}},"83":{"start":{"line":181,"column":6},"end":{"line":181,"column":61}},"84":{"start":{"line":181,"column":37},"end":{"line":181,"column":61}},"85":{"start":{"line":186,"column":20},"end":{"line":190,"column":4}},"86":{"start":{"line":188,"column":16},"end":{"line":188,"column":29}},"87":{"start":{"line":189,"column":36},"end":{"line":189,"column":40}},"88":{"start":{"line":191,"column":25},"end":{"line":196,"column":8}},"89":{"start":{"line":197,"column":26},"end":{"line":197,"column":68}},"90":{"start":{"line":197,"column":60},"end":{"line":197,"column":66}},"91":{"start":{"line":200,"column":4},"end":{"line":202,"column":30}},"92":{"start":{"line":204,"column":2},"end":{"line":246,"column":3}},"93":{"start":{"line":208,"column":4},"end":{"line":208,"column":91}},"94":{"start":{"line":208,"column":82},"end":{"line":208,"column":91}},"95":{"start":{"line":212,"column":4},"end":{"line":212,"column":56}},"96":{"start":{"line":212,"column":47},"end":{"line":212,"column":56}},"97":{"start":{"line":215,"column":6},"end":{"line":217,"column":14}},"98":{"start":{"line":219,"column":17},"end":{"line":221,"column":10}},"99":{"start":{"line":223,"column":26},"end":{"line":230,"column":6}},"100":{"start":{"line":226,"column":10},"end":{"line":227,"column":43}},"101":{"start":{"line":229,"column":20},"end":{"line":229,"column":43}},"102":{"start":{"line":233,"column":6},"end":{"line":234,"column":63}},"103":{"start":{"line":234,"column":31},"end":{"line":234,"column":62}},"104":{"start":{"line":236,"column":4},"end":{"line":236,"column":39}},"105":{"start":{"line":236,"column":30},"end":{"line":236,"column":39}},"106":{"start":{"line":240,"column":4},"end":{"line":242,"column":5}},"107":{"start":{"line":241,"column":6},"end":{"line":241,"column":50}},"108":{"start":{"line":243,"column":4},"end":{"line":245,"column":5}},"109":{"start":{"line":243,"column":33},"end":{"line":243,"column":101}},"110":{"start":{"line":244,"column":6},"end":{"line":244,"column":50}},"111":{"start":{"line":248,"column":2},"end":{"line":248,"column":22}}},"fnMap":{"0":{"name":"extractTextTargetIds","decl":{"start":{"line":28,"column":16},"end":{"line":28,"column":36}},"loc":{"start":{"line":28,"column":56},"end":{"line":40,"column":1}}},"1":{"name":"(anonymous_1)","decl":{"start":{"line":32,"column":14},"end":{"line":32,"column":15}},"loc":{"start":{"line":33,"column":8},"end":{"line":36,"column":70}}},"2":{"name":"(anonymous_2)","decl":{"start":{"line":38,"column":11},"end":{"line":38,"column":14}},"loc":{"start":{"line":38,"column":18},"end":{"line":38,"column":31}}},"3":{"name":"extractNestedRelationIds","decl":{"start":{"line":43,"column":16},"end":{"line":43,"column":40}},"loc":{"start":{"line":43,"column":60},"end":{"line":55,"column":1}}},"4":{"name":"(anonymous_4)","decl":{"start":{"line":47,"column":14},"end":{"line":47,"column":15}},"loc":{"start":{"line":48,"column":8},"end":{"line":51,"column":72}}},"5":{"name":"(anonymous_5)","decl":{"start":{"line":53,"column":11},"end":{"line":53,"column":14}},"loc":{"start":{"line":53,"column":18},"end":{"line":53,"column":32}}},"6":{"name":"collectSelectedGroupTargetTextIds","decl":{"start":{"line":63,"column":16},"end":{"line":63,"column":49}},"loc":{"start":{"line":66,"column":1},"end":{"line":91,"column":1}}},"7":{"name":"(anonymous_7)","decl":{"start":{"line":69,"column":31},"end":{"line":69,"column":34}},"loc":{"start":{"line":69,"column":38},"end":{"line":69,"column":60}}},"8":{"name":"(anonymous_8)","decl":{"start":{"line":73,"column":12},"end":{"line":73,"column":15}},"loc":{"start":{"line":73,"column":19},"end":{"line":73,"column":70}}},"9":{"name":"(anonymous_9)","decl":{"start":{"line":74,"column":9},"end":{"line":74,"column":12}},"loc":{"start":{"line":74,"column":16},"end":{"line":74,"column":22}}},"10":{"name":"(anonymous_10)","decl":{"start":{"line":84,"column":49},"end":{"line":84,"column":51}},"loc":{"start":{"line":84,"column":55},"end":{"line":84,"column":78}}},"11":{"name":"validateGroupingTargets","decl":{"start":{"line":120,"column":22},"end":{"line":120,"column":45}},"loc":{"start":{"line":121,"column":34},"end":{"line":249,"column":1}}},"12":{"name":"(anonymous_12)","decl":{"start":{"line":128,"column":50},"end":{"line":128,"column":51}},"loc":{"start":{"line":128,"column":55},"end":{"line":128,"column":87}}},"13":{"name":"(anonymous_13)","decl":{"start":{"line":139,"column":16},"end":{"line":139,"column":17}},"loc":{"start":{"line":139,"column":21},"end":{"line":139,"column":71}}},"14":{"name":"(anonymous_14)","decl":{"start":{"line":140,"column":13},"end":{"line":140,"column":14}},"loc":{"start":{"line":140,"column":18},"end":{"line":140,"column":30}}},"15":{"name":"(anonymous_15)","decl":{"start":{"line":158,"column":50},"end":{"line":158,"column":51}},"loc":{"start":{"line":158,"column":55},"end":{"line":158,"column":64}}},"16":{"name":"(anonymous_16)","decl":{"start":{"line":160,"column":63},"end":{"line":160,"column":64}},"loc":{"start":{"line":160,"column":68},"end":{"line":160,"column":72}}},"17":{"name":"(anonymous_17)","decl":{"start":{"line":178,"column":52},"end":{"line":178,"column":54}},"loc":{"start":{"line":178,"column":58},"end":{"line":178,"column":90}}},"18":{"name":"(anonymous_18)","decl":{"start":{"line":188,"column":11},"end":{"line":188,"column":12}},"loc":{"start":{"line":188,"column":16},"end":{"line":188,"column":29}}},"19":{"name":"(anonymous_19)","decl":{"start":{"line":189,"column":14},"end":{"line":189,"column":15}},"loc":{"start":{"line":189,"column":36},"end":{"line":189,"column":40}}},"20":{"name":"(anonymous_20)","decl":{"start":{"line":197,"column":53},"end":{"line":197,"column":56}},"loc":{"start":{"line":197,"column":60},"end":{"line":197,"column":66}}},"21":{"name":"(anonymous_21)","decl":{"start":{"line":225,"column":16},"end":{"line":225,"column":19}},"loc":{"start":{"line":226,"column":10},"end":{"line":227,"column":43}}},"22":{"name":"(anonymous_22)","decl":{"start":{"line":229,"column":13},"end":{"line":229,"column":16}},"loc":{"start":{"line":229,"column":20},"end":{"line":229,"column":43}}},"23":{"name":"(anonymous_23)","decl":{"start":{"line":234,"column":25},"end":{"line":234,"column":27}},"loc":{"start":{"line":234,"column":31},"end":{"line":234,"column":62}}},"24":{"name":"(anonymous_24)","decl":{"start":{"line":243,"column":27},"end":{"line":243,"column":29}},"loc":{"start":{"line":243,"column":33},"end":{"line":243,"column":101}}}},"branchMap":{"0":{"loc":{"start":{"line":29,"column":2},"end":{"line":29,"column":44}},"type":"if","locations":[{"start":{"line":29,"column":2},"end":{"line":29,"column":44}}]},"1":{"loc":{"start":{"line":33,"column":8},"end":{"line":36,"column":70}},"type":"binary-expr","locations":[{"start":{"line":33,"column":8},"end":{"line":33,"column":13}},{"start":{"line":34,"column":8},"end":{"line":34,"column":31}},{"start":{"line":35,"column":10},"end":{"line":35,"column":55}},{"start":{"line":35,"column":60},"end":{"line":35,"column":111}},{"start":{"line":36,"column":8},"end":{"line":36,"column":70}}]},"2":{"loc":{"start":{"line":44,"column":2},"end":{"line":44,"column":44}},"type":"if","locations":[{"start":{"line":44,"column":2},"end":{"line":44,"column":44}}]},"3":{"loc":{"start":{"line":48,"column":8},"end":{"line":51,"column":72}},"type":"binary-expr","locations":[{"start":{"line":48,"column":8},"end":{"line":48,"column":13}},{"start":{"line":49,"column":8},"end":{"line":49,"column":31}},{"start":{"line":50,"column":9},"end":{"line":50,"column":55}},{"start":{"line":51,"column":8},"end":{"line":51,"column":72}}]},"4":{"loc":{"start":{"line":73,"column":47},"end":{"line":73,"column":69}},"type":"binary-expr","locations":[{"start":{"line":73,"column":47},"end":{"line":73,"column":63}},{"start":{"line":73,"column":67},"end":{"line":73,"column":69}}]},"5":{"loc":{"start":{"line":79,"column":4},"end":{"line":79,"column":37}},"type":"if","locations":[{"start":{"line":79,"column":4},"end":{"line":79,"column":37}}]},"6":{"loc":{"start":{"line":82,"column":4},"end":{"line":82,"column":23}},"type":"if","locations":[{"start":{"line":82,"column":4},"end":{"line":82,"column":23}}]},"7":{"loc":{"start":{"line":83,"column":4},"end":{"line":83,"column":71}},"type":"if","locations":[{"start":{"line":83,"column":4},"end":{"line":83,"column":71}}]},"8":{"loc":{"start":{"line":83,"column":37},"end":{"line":83,"column":59}},"type":"binary-expr","locations":[{"start":{"line":83,"column":37},"end":{"line":83,"column":53}},{"start":{"line":83,"column":57},"end":{"line":83,"column":59}}]},"9":{"loc":{"start":{"line":86,"column":6},"end":{"line":86,"column":94}},"type":"if","locations":[{"start":{"line":86,"column":6},"end":{"line":86,"column":94}}]},"10":{"loc":{"start":{"line":86,"column":10},"end":{"line":86,"column":68}},"type":"binary-expr","locations":[{"start":{"line":86,"column":10},"end":{"line":86,"column":35}},{"start":{"line":86,"column":39},"end":{"line":86,"column":68}}]},"11":{"loc":{"start":{"line":126,"column":2},"end":{"line":133,"column":3}},"type":"if","locations":[{"start":{"line":126,"column":2},"end":{"line":133,"column":3}}]},"12":{"loc":{"start":{"line":126,"column":6},"end":{"line":126,"column":67}},"type":"binary-expr","locations":[{"start":{"line":126,"column":6},"end":{"line":126,"column":32}},{"start":{"line":126,"column":36},"end":{"line":126,"column":67}}]},"13":{"loc":{"start":{"line":129,"column":6},"end":{"line":131,"column":7}},"type":"if","locations":[{"start":{"line":129,"column":6},"end":{"line":131,"column":7}}]},"14":{"loc":{"start":{"line":129,"column":44},"end":{"line":129,"column":66}},"type":"binary-expr","locations":[{"start":{"line":129,"column":44},"end":{"line":129,"column":60}},{"start":{"line":129,"column":64},"end":{"line":129,"column":66}}]},"15":{"loc":{"start":{"line":139,"column":21},"end":{"line":139,"column":71}},"type":"binary-expr","locations":[{"start":{"line":139,"column":21},"end":{"line":139,"column":41}},{"start":{"line":139,"column":45},"end":{"line":139,"column":71}}]},"16":{"loc":{"start":{"line":146,"column":2},"end":{"line":146,"column":61}},"type":"if","locations":[{"start":{"line":146,"column":2},"end":{"line":146,"column":61}}]},"17":{"loc":{"start":{"line":166,"column":4},"end":{"line":168,"column":5}},"type":"if","locations":[{"start":{"line":166,"column":4},"end":{"line":168,"column":5}}]},"18":{"loc":{"start":{"line":166,"column":8},"end":{"line":166,"column":102}},"type":"binary-expr","locations":[{"start":{"line":166,"column":9},"end":{"line":166,"column":40}},{"start":{"line":166,"column":44},"end":{"line":166,"column":74}},{"start":{"line":166,"column":79},"end":{"line":166,"column":102}}]},"19":{"loc":{"start":{"line":173,"column":4},"end":{"line":173,"column":40}},"type":"if","locations":[{"start":{"line":173,"column":4},"end":{"line":173,"column":40}}]},"20":{"loc":{"start":{"line":175,"column":4},"end":{"line":175,"column":49}},"type":"if","locations":[{"start":{"line":175,"column":4},"end":{"line":175,"column":49}}]},"21":{"loc":{"start":{"line":177,"column":4},"end":{"line":177,"column":26}},"type":"if","locations":[{"start":{"line":177,"column":4},"end":{"line":177,"column":26}}]},"22":{"loc":{"start":{"line":179,"column":4},"end":{"line":179,"column":66}},"type":"if","locations":[{"start":{"line":179,"column":4},"end":{"line":179,"column":66}}]},"23":{"loc":{"start":{"line":179,"column":29},"end":{"line":179,"column":54}},"type":"binary-expr","locations":[{"start":{"line":179,"column":29},"end":{"line":179,"column":48}},{"start":{"line":179,"column":52},"end":{"line":179,"column":54}}]},"24":{"loc":{"start":{"line":181,"column":6},"end":{"line":181,"column":61}},"type":"if","locations":[{"start":{"line":181,"column":6},"end":{"line":181,"column":61}}]},"25":{"loc":{"start":{"line":191,"column":25},"end":{"line":196,"column":8}},"type":"cond-expr","locations":[{"start":{"line":192,"column":6},"end":{"line":195,"column":8}},{"start":{"line":196,"column":6},"end":{"line":196,"column":8}}]},"26":{"loc":{"start":{"line":200,"column":4},"end":{"line":202,"column":30}},"type":"cond-expr","locations":[{"start":{"line":200,"column":34},"end":{"line":200,"column":59}},{"start":{"line":201,"column":6},"end":{"line":202,"column":30}}]},"27":{"loc":{"start":{"line":201,"column":6},"end":{"line":202,"column":30}},"type":"cond-expr","locations":[{"start":{"line":201,"column":33},"end":{"line":201,"column":55}},{"start":{"line":202,"column":6},"end":{"line":202,"column":30}}]},"28":{"loc":{"start":{"line":208,"column":4},"end":{"line":208,"column":91}},"type":"if","locations":[{"start":{"line":208,"column":4},"end":{"line":208,"column":91}}]},"29":{"loc":{"start":{"line":208,"column":8},"end":{"line":208,"column":80}},"type":"binary-expr","locations":[{"start":{"line":208,"column":8},"end":{"line":208,"column":43}},{"start":{"line":208,"column":47},"end":{"line":208,"column":80}}]},"30":{"loc":{"start":{"line":212,"column":4},"end":{"line":212,"column":56}},"type":"if","locations":[{"start":{"line":212,"column":4},"end":{"line":212,"column":56}}]},"31":{"loc":{"start":{"line":215,"column":6},"end":{"line":217,"column":14}},"type":"cond-expr","locations":[{"start":{"line":216,"column":10},"end":{"line":216,"column":28}},{"start":{"line":217,"column":10},"end":{"line":217,"column":14}}]},"32":{"loc":{"start":{"line":215,"column":6},"end":{"line":215,"column":67}},"type":"binary-expr","locations":[{"start":{"line":215,"column":6},"end":{"line":215,"column":24}},{"start":{"line":215,"column":28},"end":{"line":215,"column":67}}]},"33":{"loc":{"start":{"line":219,"column":17},"end":{"line":221,"column":10}},"type":"cond-expr","locations":[{"start":{"line":220,"column":8},"end":{"line":220,"column":75}},{"start":{"line":221,"column":8},"end":{"line":221,"column":10}}]},"34":{"loc":{"start":{"line":226,"column":10},"end":{"line":227,"column":43}},"type":"binary-expr","locations":[{"start":{"line":226,"column":11},"end":{"line":226,"column":33}},{"start":{"line":226,"column":37},"end":{"line":226,"column":65}},{"start":{"line":227,"column":10},"end":{"line":227,"column":43}}]},"35":{"loc":{"start":{"line":233,"column":6},"end":{"line":234,"column":63}},"type":"binary-expr","locations":[{"start":{"line":233,"column":7},"end":{"line":233,"column":28}},{"start":{"line":233,"column":32},"end":{"line":233,"column":73}},{"start":{"line":234,"column":6},"end":{"line":234,"column":63}}]},"36":{"loc":{"start":{"line":236,"column":4},"end":{"line":236,"column":39}},"type":"if","locations":[{"start":{"line":236,"column":4},"end":{"line":236,"column":39}}]},"37":{"loc":{"start":{"line":240,"column":4},"end":{"line":242,"column":5}},"type":"if","locations":[{"start":{"line":240,"column":4},"end":{"line":242,"column":5}}]},"38":{"loc":{"start":{"line":240,"column":8},"end":{"line":240,"column":121}},"type":"binary-expr","locations":[{"start":{"line":240,"column":8},"end":{"line":240,"column":29}},{"start":{"line":240,"column":33},"end":{"line":240,"column":75}},{"start":{"line":240,"column":79},"end":{"line":240,"column":121}}]},"39":{"loc":{"start":{"line":243,"column":4},"end":{"line":245,"column":5}},"type":"if","locations":[{"start":{"line":243,"column":4},"end":{"line":245,"column":5}}]},"40":{"loc":{"start":{"line":243,"column":33},"end":{"line":243,"column":101}},"type":"binary-expr","locations":[{"start":{"line":243,"column":33},"end":{"line":243,"column":65}},{"start":{"line":243,"column":69},"end":{"line":243,"column":101}}]}},"s":{"0":3,"1":3,"2":3,"3":3,"4":3,"5":3,"6":3,"7":3,"8":3,"9":15,"10":0,"11":15,"12":18,"13":18,"14":24,"15":0,"16":24,"17":30,"18":0,"19":22,"20":22,"21":11,"22":22,"23":22,"24":11,"25":9,"26":22,"27":22,"28":9,"29":9,"30":0,"31":9,"32":9,"33":9,"34":0,"35":9,"36":0,"37":9,"38":12,"39":9,"40":0,"41":0,"42":22,"43":23,"44":23,"45":2,"46":2,"47":2,"48":2,"49":1,"50":22,"51":22,"52":11,"53":22,"54":3,"55":19,"56":19,"57":19,"58":21,"59":19,"60":19,"61":9,"62":19,"63":19,"64":19,"65":19,"66":21,"67":6,"68":19,"69":6,"70":6,"71":0,"72":6,"73":6,"74":0,"75":6,"76":6,"77":0,"78":6,"79":6,"80":6,"81":0,"82":6,"83":0,"84":0,"85":19,"86":21,"87":21,"88":19,"89":19,"90":13,"91":19,"92":19,"93":21,"94":0,"95":21,"96":0,"97":21,"98":21,"99":21,"100":19,"101":19,"102":21,"103":17,"104":21,"105":8,"106":13,"107":6,"108":7,"109":7,"110":0,"111":13},"f":{"0":15,"1":18,"2":18,"3":24,"4":30,"5":0,"6":22,"7":11,"8":11,"9":9,"10":12,"11":23,"12":2,"13":22,"14":11,"15":21,"16":9,"17":6,"18":21,"19":21,"20":13,"21":19,"22":19,"23":17,"24":7},"b":{"0":[0],"1":[18,18,18,0,18],"2":[0],"3":[30,30,30,0],"4":[11,0],"5":[0],"6":[0],"7":[0],"8":[9,0],"9":[0],"10":[0,0],"11":[2],"12":[23,5],"13":[1],"14":[2,0],"15":[22,11],"16":[3],"17":[6],"18":[21,15,6],"19":[0],"20":[0],"21":[0],"22":[0],"23":[6,0],"24":[0],"25":[13,6],"26":[8,11],"27":[7,4],"28":[0],"29":[21,21],"30":[0],"31":[13,8],"32":[21,13],"33":[19,2],"34":[19,0,19],"35":[21,13,19],"36":[8],"37":[6],"38":[13,13,11],"39":[0],"40":[7,0]}}
,"D:\\Projects\\public-opinion\\backend\\src\\lib\\events.ts": {"path":"D:\\Projects\\public-opinion\\backend\\src\\lib\\events.ts","statementMap":{"0":{"start":{"line":104,"column":0},"end":{"line":104,"column":7}},"1":{"start":{"line":9,"column":0},"end":{"line":9,"column":34}},"2":{"start":{"line":105,"column":2},"end":{"line":120,"column":3}},"3":{"start":{"line":107,"column":6},"end":{"line":107,"column":40}},"4":{"start":{"line":109,"column":6},"end":{"line":109,"column":38}},"5":{"start":{"line":111,"column":6},"end":{"line":111,"column":44}},"6":{"start":{"line":113,"column":6},"end":{"line":113,"column":40}},"7":{"start":{"line":115,"column":6},"end":{"line":115,"column":41}},"8":{"start":{"line":117,"column":6},"end":{"line":117,"column":37}},"9":{"start":{"line":119,"column":6},"end":{"line":119,"column":42}},"10":{"start":{"line":126,"column":31},"end":{"line":126,"column":36}},"11":{"start":{"line":127,"column":29},"end":{"line":127,"column":32}},"12":{"start":{"line":129,"column":17},"end":{"line":194,"column":4}},"13":{"start":{"line":196,"column":2},"end":{"line":196,"column":14}},"14":{"start":{"line":200,"column":31},"end":{"line":200,"column":36}},"15":{"start":{"line":202,"column":18},"end":{"line":217,"column":4}},"16":{"start":{"line":219,"column":2},"end":{"line":222,"column":5}},"17":{"start":{"line":224,"column":2},"end":{"line":224,"column":15}},"18":{"start":{"line":228,"column":40},"end":{"line":228,"column":45}},"19":{"start":{"line":230,"column":18},"end":{"line":246,"column":4}},"20":{"start":{"line":248,"column":2},"end":{"line":248,"column":15}},"21":{"start":{"line":252,"column":40},"end":{"line":252,"column":45}},"22":{"start":{"line":254,"column":20},"end":{"line":286,"column":4}},"23":{"start":{"line":288,"column":2},"end":{"line":291,"column":5}},"24":{"start":{"line":293,"column":2},"end":{"line":293,"column":17}},"25":{"start":{"line":297,"column":40},"end":{"line":297,"column":45}},"26":{"start":{"line":299,"column":20},"end":{"line":329,"column":4}},"27":{"start":{"line":331,"column":2},"end":{"line":336,"column":3}},"28":{"start":{"line":332,"column":4},"end":{"line":335,"column":7}},"29":{"start":{"line":338,"column":2},"end":{"line":344,"column":5}},"30":{"start":{"line":346,"column":2},"end":{"line":346,"column":17}},"31":{"start":{"line":352,"column":31},"end":{"line":352,"column":36}},"32":{"start":{"line":354,"column":18},"end":{"line":354,"column":86}},"33":{"start":{"line":355,"column":2},"end":{"line":357,"column":3}},"34":{"start":{"line":356,"column":4},"end":{"line":356,"column":55}},"35":{"start":{"line":359,"column":23},"end":{"line":359,"column":57}},"36":{"start":{"line":361,"column":31},"end":{"line":397,"column":4}},"37":{"start":{"line":400,"column":24},"end":{"line":400,"column":87}},"38":{"start":{"line":401,"column":2},"end":{"line":404,"column":5}},"39":{"start":{"line":406,"column":2},"end":{"line":406,"column":70}},"40":{"start":{"line":410,"column":31},"end":{"line":410,"column":36}},"41":{"start":{"line":412,"column":22},"end":{"line":412,"column":101}},"42":{"start":{"line":413,"column":2},"end":{"line":415,"column":3}},"43":{"start":{"line":414,"column":4},"end":{"line":414,"column":53}},"44":{"start":{"line":417,"column":20},"end":{"line":417,"column":97}},"45":{"start":{"line":418,"column":2},"end":{"line":420,"column":3}},"46":{"start":{"line":419,"column":4},"end":{"line":419,"column":56}},"47":{"start":{"line":422,"column":27},"end":{"line":422,"column":65}},"48":{"start":{"line":423,"column":25},"end":{"line":423,"column":61}},"49":{"start":{"line":425,"column":2},"end":{"line":478,"column":5}},"50":{"start":{"line":480,"column":2},"end":{"line":480,"column":74}}},"fnMap":{"0":{"name":"applyEvent","decl":{"start":{"line":104,"column":22},"end":{"line":104,"column":32}},"loc":{"start":{"line":104,"column":48},"end":{"line":121,"column":1}}},"1":{"name":"applyUserRegistered","decl":{"start":{"line":125,"column":15},"end":{"line":125,"column":34}},"loc":{"start":{"line":125,"column":61},"end":{"line":197,"column":1}}},"2":{"name":"applyTopicCreated","decl":{"start":{"line":199,"column":15},"end":{"line":199,"column":32}},"loc":{"start":{"line":199,"column":57},"end":{"line":225,"column":1}}},"3":{"name":"applyTopicStatusChanged","decl":{"start":{"line":227,"column":15},"end":{"line":227,"column":38}},"loc":{"start":{"line":227,"column":69},"end":{"line":249,"column":1}}},"4":{"name":"applyMessageCreated","decl":{"start":{"line":251,"column":15},"end":{"line":251,"column":34}},"loc":{"start":{"line":251,"column":61},"end":{"line":294,"column":1}}},"5":{"name":"applyRelationCreated","decl":{"start":{"line":296,"column":15},"end":{"line":296,"column":35}},"loc":{"start":{"line":296,"column":63},"end":{"line":347,"column":1}}},"6":{"name":"applyPointMinted","decl":{"start":{"line":351,"column":15},"end":{"line":351,"column":31}},"loc":{"start":{"line":351,"column":55},"end":{"line":407,"column":1}}},"7":{"name":"applyPointTransferred","decl":{"start":{"line":409,"column":15},"end":{"line":409,"column":36}},"loc":{"start":{"line":409,"column":65},"end":{"line":481,"column":1}}}},"branchMap":{"0":{"loc":{"start":{"line":105,"column":2},"end":{"line":120,"column":3}},"type":"switch","locations":[{"start":{"line":106,"column":4},"end":{"line":107,"column":40}},{"start":{"line":108,"column":4},"end":{"line":109,"column":38}},{"start":{"line":110,"column":4},"end":{"line":111,"column":44}},{"start":{"line":112,"column":4},"end":{"line":113,"column":40}},{"start":{"line":114,"column":4},"end":{"line":115,"column":41}},{"start":{"line":116,"column":4},"end":{"line":117,"column":37}},{"start":{"line":118,"column":4},"end":{"line":119,"column":42}}]},"1":{"loc":{"start":{"line":239,"column":16},"end":{"line":239,"column":83}},"type":"cond-expr","locations":[{"start":{"line":239,"column":48},"end":{"line":239,"column":64}},{"start":{"line":239,"column":67},"end":{"line":239,"column":83}}]},"2":{"loc":{"start":{"line":260,"column":21},"end":{"line":260,"column":50}},"type":"binary-expr","locations":[{"start":{"line":260,"column":21},"end":{"line":260,"column":40}},{"start":{"line":260,"column":44},"end":{"line":260,"column":50}}]},"3":{"loc":{"start":{"line":262,"column":23},"end":{"line":262,"column":52}},"type":"binary-expr","locations":[{"start":{"line":262,"column":23},"end":{"line":262,"column":44}},{"start":{"line":262,"column":48},"end":{"line":262,"column":52}}]},"4":{"loc":{"start":{"line":263,"column":20},"end":{"line":263,"column":46}},"type":"binary-expr","locations":[{"start":{"line":263,"column":20},"end":{"line":263,"column":38}},{"start":{"line":263,"column":42},"end":{"line":263,"column":46}}]},"5":{"loc":{"start":{"line":264,"column":24},"end":{"line":264,"column":54}},"type":"binary-expr","locations":[{"start":{"line":264,"column":24},"end":{"line":264,"column":46}},{"start":{"line":264,"column":50},"end":{"line":264,"column":54}}]},"6":{"loc":{"start":{"line":265,"column":28},"end":{"line":265,"column":62}},"type":"binary-expr","locations":[{"start":{"line":265,"column":28},"end":{"line":265,"column":54}},{"start":{"line":265,"column":58},"end":{"line":265,"column":62}}]},"7":{"loc":{"start":{"line":266,"column":27},"end":{"line":266,"column":60}},"type":"binary-expr","locations":[{"start":{"line":266,"column":27},"end":{"line":266,"column":52}},{"start":{"line":266,"column":56},"end":{"line":266,"column":60}}]},"8":{"loc":{"start":{"line":279,"column":23},"end":{"line":279,"column":52}},"type":"binary-expr","locations":[{"start":{"line":279,"column":23},"end":{"line":279,"column":42}},{"start":{"line":279,"column":46},"end":{"line":279,"column":52}}]},"9":{"loc":{"start":{"line":306,"column":21},"end":{"line":306,"column":52}},"type":"binary-expr","locations":[{"start":{"line":306,"column":21},"end":{"line":306,"column":44}},{"start":{"line":306,"column":48},"end":{"line":306,"column":52}}]},"10":{"loc":{"start":{"line":308,"column":26},"end":{"line":308,"column":62}},"type":"binary-expr","locations":[{"start":{"line":308,"column":26},"end":{"line":308,"column":49}},{"start":{"line":308,"column":53},"end":{"line":308,"column":62}}]},"11":{"loc":{"start":{"line":316,"column":16},"end":{"line":316,"column":89}},"type":"cond-expr","locations":[{"start":{"line":316,"column":47},"end":{"line":316,"column":68}},{"start":{"line":316,"column":71},"end":{"line":316,"column":89}}]},"12":{"loc":{"start":{"line":331,"column":2},"end":{"line":336,"column":3}},"type":"if","locations":[{"start":{"line":331,"column":2},"end":{"line":336,"column":3}}]},"13":{"loc":{"start":{"line":340,"column":14},"end":{"line":340,"column":87}},"type":"cond-expr","locations":[{"start":{"line":340,"column":45},"end":{"line":340,"column":66}},{"start":{"line":340,"column":69},"end":{"line":340,"column":87}}]},"14":{"loc":{"start":{"line":355,"column":2},"end":{"line":357,"column":3}},"type":"if","locations":[{"start":{"line":355,"column":2},"end":{"line":357,"column":3}}]},"15":{"loc":{"start":{"line":382,"column":19},"end":{"line":382,"column":90}},"type":"cond-expr","locations":[{"start":{"line":382,"column":61},"end":{"line":382,"column":75}},{"start":{"line":382,"column":78},"end":{"line":382,"column":90}}]},"16":{"loc":{"start":{"line":402,"column":41},"end":{"line":402,"column":112}},"type":"cond-expr","locations":[{"start":{"line":402,"column":83},"end":{"line":402,"column":97}},{"start":{"line":402,"column":100},"end":{"line":402,"column":112}}]},"17":{"loc":{"start":{"line":403,"column":26},"end":{"line":403,"column":53}},"type":"binary-expr","locations":[{"start":{"line":403,"column":26},"end":{"line":403,"column":48}},{"start":{"line":403,"column":52},"end":{"line":403,"column":53}}]},"18":{"loc":{"start":{"line":413,"column":2},"end":{"line":415,"column":3}},"type":"if","locations":[{"start":{"line":413,"column":2},"end":{"line":415,"column":3}}]},"19":{"loc":{"start":{"line":413,"column":6},"end":{"line":413,"column":60}},"type":"binary-expr","locations":[{"start":{"line":413,"column":6},"end":{"line":413,"column":18}},{"start":{"line":413,"column":22},"end":{"line":413,"column":60}}]},"20":{"loc":{"start":{"line":418,"column":2},"end":{"line":420,"column":3}},"type":"if","locations":[{"start":{"line":418,"column":2},"end":{"line":420,"column":3}}]}},"s":{"0":4,"1":4,"2":32,"3":3,"4":1,"5":2,"6":0,"7":21,"8":3,"9":2,"10":3,"11":3,"12":3,"13":3,"14":1,"15":1,"16":1,"17":1,"18":2,"19":2,"20":2,"21":0,"22":0,"23":0,"24":0,"25":21,"26":21,"27":21,"28":0,"29":21,"30":21,"31":3,"32":3,"33":3,"34":1,"35":2,"36":2,"37":2,"38":2,"39":2,"40":2,"41":2,"42":2,"43":1,"44":1,"45":1,"46":0,"47":1,"48":1,"49":1,"50":1},"f":{"0":32,"1":3,"2":1,"3":2,"4":0,"5":21,"6":3,"7":2},"b":{"0":[3,1,2,0,21,3,2],"1":[2,0],"2":[0,0],"3":[0,0],"4":[0,0],"5":[0,0],"6":[0,0],"7":[0,0],"8":[0,0],"9":[21,17],"10":[21,5],"11":[0,21],"12":[0],"13":[0,21],"14":[1],"15":[0,2],"16":[0,2],"17":[2,0],"18":[1],"19":[2,2],"20":[0]}}
,"D:\\Projects\\public-opinion\\backend\\src\\lib\\relationTypes.ts": {"path":"D:\\Projects\\public-opinion\\backend\\src\\lib\\relationTypes.ts","statementMap":{"0":{"start":{"line":58,"column":0},"end":{"line":58,"column":16}},"1":{"start":{"line":35,"column":13},"end":{"line":49,"column":11}},"2":{"start":{"line":59,"column":2},"end":{"line":59,"column":63}}},"fnMap":{"0":{"name":"isKnownRelationType","decl":{"start":{"line":58,"column":16},"end":{"line":58,"column":35}},"loc":{"start":{"line":58,"column":49},"end":{"line":60,"column":1}}}},"branchMap":{},"s":{"0":4,"1":4,"2":0},"f":{"0":0},"b":{}}
,"D:\\Projects\\public-opinion\\backend\\src\\middleware\\auth.ts": {"path":"D:\\Projects\\public-opinion\\backend\\src\\middleware\\auth.ts","statementMap":{"0":{"start":{"line":13,"column":0},"end":{"line":13,"column":16}},"1":{"start":{"line":2,"column":0},"end":{"line":2,"column":31}},"2":{"start":{"line":14,"column":21},"end":{"line":14,"column":46}},"3":{"start":{"line":16,"column":2},"end":{"line":19,"column":3}},"4":{"start":{"line":17,"column":4},"end":{"line":17,"column":47}},"5":{"start":{"line":18,"column":4},"end":{"line":18,"column":11}},"6":{"start":{"line":21,"column":16},"end":{"line":21,"column":35}},"7":{"start":{"line":22,"column":17},"end":{"line":22,"column":39}},"8":{"start":{"line":24,"column":2},"end":{"line":27,"column":3}},"9":{"start":{"line":25,"column":4},"end":{"line":25,"column":61}},"10":{"start":{"line":26,"column":4},"end":{"line":26,"column":11}},"11":{"start":{"line":29,"column":2},"end":{"line":35,"column":3}},"12":{"start":{"line":30,"column":20},"end":{"line":30,"column":81}},"13":{"start":{"line":31,"column":4},"end":{"line":31,"column":62}},"14":{"start":{"line":32,"column":4},"end":{"line":32,"column":11}},"15":{"start":{"line":34,"column":4},"end":{"line":34,"column":48}}},"fnMap":{"0":{"name":"requireAuth","decl":{"start":{"line":13,"column":16},"end":{"line":13,"column":27}},"loc":{"start":{"line":13,"column":79},"end":{"line":36,"column":1}}}},"branchMap":{"0":{"loc":{"start":{"line":16,"column":2},"end":{"line":19,"column":3}},"type":"if","locations":[{"start":{"line":16,"column":2},"end":{"line":19,"column":3}}]},"1":{"loc":{"start":{"line":16,"column":6},"end":{"line":16,"column":54}},"type":"binary-expr","locations":[{"start":{"line":16,"column":6},"end":{"line":16,"column":17}},{"start":{"line":16,"column":21},"end":{"line":16,"column":54}}]},"2":{"loc":{"start":{"line":24,"column":2},"end":{"line":27,"column":3}},"type":"if","locations":[{"start":{"line":24,"column":2},"end":{"line":27,"column":3}}]}},"s":{"0":3,"1":3,"2":51,"3":51,"4":3,"5":3,"6":48,"7":48,"8":48,"9":0,"10":0,"11":48,"12":48,"13":47,"14":47,"15":1},"f":{"0":51},"b":{"0":[3],"1":[51,48],"2":[0]}}
,"D:\\Projects\\public-opinion\\backend\\src\\middleware\\errorHandler.ts": {"path":"D:\\Projects\\public-opinion\\backend\\src\\middleware\\errorHandler.ts","statementMap":{"0":{"start":{"line":6,"column":0},"end":{"line":6,"column":16}},"1":{"start":{"line":2,"column":0},"end":{"line":2,"column":31}},"2":{"start":{"line":3,"column":0},"end":{"line":3,"column":40}},"3":{"start":{"line":13,"column":2},"end":{"line":22,"column":3}},"4":{"start":{"line":14,"column":4},"end":{"line":20,"column":7}},"5":{"start":{"line":16,"column":38},"end":{"line":19,"column":8}},"6":{"start":{"line":21,"column":4},"end":{"line":21,"column":11}},"7":{"start":{"line":25,"column":2},"end":{"line":36,"column":3}},"8":{"start":{"line":26,"column":4},"end":{"line":29,"column":5}},"9":{"start":{"line":27,"column":6},"end":{"line":27,"column":56}},"10":{"start":{"line":28,"column":6},"end":{"line":28,"column":13}},"11":{"start":{"line":30,"column":4},"end":{"line":33,"column":5}},"12":{"start":{"line":31,"column":6},"end":{"line":31,"column":47}},"13":{"start":{"line":32,"column":6},"end":{"line":32,"column":13}},"14":{"start":{"line":34,"column":4},"end":{"line":34,"column":58}},"15":{"start":{"line":35,"column":4},"end":{"line":35,"column":11}},"16":{"start":{"line":39,"column":2},"end":{"line":39,"column":32}},"17":{"start":{"line":40,"column":2},"end":{"line":40,"column":45}}},"fnMap":{"0":{"name":"errorHandler","decl":{"start":{"line":6,"column":16},"end":{"line":6,"column":28}},"loc":{"start":{"line":10,"column":21},"end":{"line":41,"column":1}}},"1":{"name":"(anonymous_1)","decl":{"start":{"line":16,"column":30},"end":{"line":16,"column":31}},"loc":{"start":{"line":16,"column":38},"end":{"line":19,"column":8}}}},"branchMap":{"0":{"loc":{"start":{"line":13,"column":2},"end":{"line":22,"column":3}},"type":"if","locations":[{"start":{"line":13,"column":2},"end":{"line":22,"column":3}}]},"1":{"loc":{"start":{"line":25,"column":2},"end":{"line":36,"column":3}},"type":"if","locations":[{"start":{"line":25,"column":2},"end":{"line":36,"column":3}}]},"2":{"loc":{"start":{"line":26,"column":4},"end":{"line":29,"column":5}},"type":"if","locations":[{"start":{"line":26,"column":4},"end":{"line":29,"column":5}}]},"3":{"loc":{"start":{"line":30,"column":4},"end":{"line":33,"column":5}},"type":"if","locations":[{"start":{"line":30,"column":4},"end":{"line":33,"column":5}}]}},"s":{"0":3,"1":3,"2":3,"3":2,"4":2,"5":2,"6":2,"7":0,"8":0,"9":0,"10":0,"11":0,"12":0,"13":0,"14":0,"15":0,"16":0,"17":0},"f":{"0":2,"1":2},"b":{"0":[2],"1":[0],"2":[0],"3":[0]}}
,"D:\\Projects\\public-opinion\\backend\\src\\routes\\auth.ts": {"path":"D:\\Projects\\public-opinion\\backend\\src\\routes\\auth.ts","statementMap":{"0":{"start":{"line":1,"column":0},"end":{"line":1,"column":66}},"1":{"start":{"line":2,"column":0},"end":{"line":2,"column":30}},"2":{"start":{"line":3,"column":0},"end":{"line":3,"column":31}},"3":{"start":{"line":4,"column":0},"end":{"line":4,"column":24}},"4":{"start":{"line":5,"column":0},"end":{"line":5,"column":48}},"5":{"start":{"line":6,"column":0},"end":{"line":6,"column":39}},"6":{"start":{"line":7,"column":0},"end":{"line":7,"column":62}},"7":{"start":{"line":8,"column":0},"end":{"line":8,"column":43}},"8":{"start":{"line":10,"column":15},"end":{"line":10,"column":23}},"9":{"start":{"line":12,"column":23},"end":{"line":19,"column":2}},"10":{"start":{"line":21,"column":20},"end":{"line":24,"column":2}},"11":{"start":{"line":27,"column":0},"end":{"line":43,"column":3}},"12":{"start":{"line":28,"column":2},"end":{"line":42,"column":3}},"13":{"start":{"line":29,"column":35},"end":{"line":29,"column":65}},"14":{"start":{"line":30,"column":19},"end":{"line":30,"column":29}},"15":{"start":{"line":31,"column":27},"end":{"line":31,"column":58}},"16":{"start":{"line":33,"column":17},"end":{"line":37,"column":6}},"17":{"start":{"line":39,"column":4},"end":{"line":39,"column":52}},"18":{"start":{"line":41,"column":4},"end":{"line":41,"column":14}},"19":{"start":{"line":46,"column":0},"end":{"line":80,"column":3}},"20":{"start":{"line":47,"column":2},"end":{"line":79,"column":3}},"21":{"start":{"line":48,"column":35},"end":{"line":48,"column":62}},"22":{"start":{"line":49,"column":17},"end":{"line":49,"column":70}},"23":{"start":{"line":51,"column":4},"end":{"line":54,"column":5}},"24":{"start":{"line":52,"column":6},"end":{"line":52,"column":50}},"25":{"start":{"line":53,"column":6},"end":{"line":53,"column":13}},"26":{"start":{"line":56,"column":26},"end":{"line":56,"column":71}},"27":{"start":{"line":57,"column":4},"end":{"line":60,"column":5}},"28":{"start":{"line":58,"column":6},"end":{"line":58,"column":50}},"29":{"start":{"line":59,"column":6},"end":{"line":59,"column":13}},"30":{"start":{"line":62,"column":19},"end":{"line":62,"column":41}},"31":{"start":{"line":63,"column":4},"end":{"line":66,"column":5}},"32":{"start":{"line":64,"column":6},"end":{"line":64,"column":49}},"33":{"start":{"line":65,"column":6},"end":{"line":65,"column":13}},"34":{"start":{"line":68,"column":18},"end":{"line":70,"column":6}},"35":{"start":{"line":72,"column":4},"end":{"line":76,"column":7}},"36":{"start":{"line":78,"column":4},"end":{"line":78,"column":14}},"37":{"start":{"line":83,"column":0},"end":{"line":85,"column":3}},"38":{"start":{"line":84,"column":2},"end":{"line":84,"column":39}},"39":{"start":{"line":87,"column":0},"end":{"line":87,"column":22}}},"fnMap":{"0":{"name":"(anonymous_1)","decl":{"start":{"line":27,"column":25},"end":{"line":27,"column":30}},"loc":{"start":{"line":27,"column":83},"end":{"line":43,"column":1}}},"1":{"name":"(anonymous_2)","decl":{"start":{"line":46,"column":22},"end":{"line":46,"column":27}},"loc":{"start":{"line":46,"column":80},"end":{"line":80,"column":1}}},"2":{"name":"(anonymous_3)","decl":{"start":{"line":83,"column":36},"end":{"line":83,"column":37}},"loc":{"start":{"line":83,"column":73},"end":{"line":85,"column":1}}}},"branchMap":{"0":{"loc":{"start":{"line":51,"column":4},"end":{"line":54,"column":5}},"type":"if","locations":[{"start":{"line":51,"column":4},"end":{"line":54,"column":5}}]},"1":{"loc":{"start":{"line":57,"column":4},"end":{"line":60,"column":5}},"type":"if","locations":[{"start":{"line":57,"column":4},"end":{"line":60,"column":5}}]},"2":{"loc":{"start":{"line":63,"column":4},"end":{"line":66,"column":5}},"type":"if","locations":[{"start":{"line":63,"column":4},"end":{"line":66,"column":5}}]}},"s":{"0":3,"1":3,"2":3,"3":3,"4":3,"5":3,"6":3,"7":3,"8":3,"9":3,"10":3,"11":3,"12":0,"13":0,"14":0,"15":0,"16":0,"17":0,"18":0,"19":3,"20":0,"21":0,"22":0,"23":0,"24":0,"25":0,"26":0,"27":0,"28":0,"29":0,"30":0,"31":0,"32":0,"33":0,"34":0,"35":0,"36":0,"37":3,"38":0,"39":3},"f":{"0":0,"1":0,"2":0},"b":{"0":[0],"1":[0],"2":[0]}}
,"D:\\Projects\\public-opinion\\backend\\src\\routes\\messages.ts": {"path":"D:\\Projects\\public-opinion\\backend\\src\\routes\\messages.ts","statementMap":{"0":{"start":{"line":1,"column":0},"end":{"line":1,"column":66}},"1":{"start":{"line":2,"column":0},"end":{"line":2,"column":24}},"2":{"start":{"line":3,"column":0},"end":{"line":3,"column":36}},"3":{"start":{"line":4,"column":0},"end":{"line":4,"column":39}},"4":{"start":{"line":5,"column":0},"end":{"line":5,"column":62}},"5":{"start":{"line":6,"column":0},"end":{"line":6,"column":43}},"6":{"start":{"line":8,"column":23},"end":{"line":8,"column":52}},"7":{"start":{"line":10,"column":28},"end":{"line":17,"column":2}},"8":{"start":{"line":19,"column":25},"end":{"line":22,"column":2}},"9":{"start":{"line":25,"column":0},"end":{"line":55,"column":3}},"10":{"start":{"line":26,"column":2},"end":{"line":54,"column":3}},"11":{"start":{"line":27,"column":20},"end":{"line":27,"column":48}},"12":{"start":{"line":28,"column":28},"end":{"line":28,"column":61}},"13":{"start":{"line":29,"column":17},"end":{"line":29,"column":35}},"14":{"start":{"line":31,"column":18},"end":{"line":31,"column":75}},"15":{"start":{"line":32,"column":4},"end":{"line":35,"column":5}},"16":{"start":{"line":33,"column":6},"end":{"line":33,"column":47}},"17":{"start":{"line":34,"column":6},"end":{"line":34,"column":13}},"18":{"start":{"line":37,"column":30},"end":{"line":46,"column":6}},"19":{"start":{"line":48,"column":4},"end":{"line":51,"column":7}},"20":{"start":{"line":53,"column":4},"end":{"line":53,"column":14}},"21":{"start":{"line":58,"column":0},"end":{"line":97,"column":3}},"22":{"start":{"line":59,"column":2},"end":{"line":96,"column":3}},"23":{"start":{"line":60,"column":20},"end":{"line":60,"column":48}},"24":{"start":{"line":61,"column":17},"end":{"line":61,"column":52}},"25":{"start":{"line":63,"column":18},"end":{"line":63,"column":75}},"26":{"start":{"line":64,"column":4},"end":{"line":67,"column":5}},"27":{"start":{"line":65,"column":6},"end":{"line":65,"column":47}},"28":{"start":{"line":66,"column":6},"end":{"line":66,"column":13}},"29":{"start":{"line":68,"column":4},"end":{"line":71,"column":5}},"30":{"start":{"line":69,"column":6},"end":{"line":69,"column":57}},"31":{"start":{"line":70,"column":6},"end":{"line":70,"column":13}},"32":{"start":{"line":74,"column":4},"end":{"line":76,"column":5}},"33":{"start":{"line":75,"column":6},"end":{"line":75,"column":82}},"34":{"start":{"line":78,"column":20},"end":{"line":91,"column":6}},"35":{"start":{"line":93,"column":4},"end":{"line":93,"column":34}},"36":{"start":{"line":95,"column":4},"end":{"line":95,"column":14}},"37":{"start":{"line":99,"column":0},"end":{"line":99,"column":30}}},"fnMap":{"0":{"name":"(anonymous_0)","decl":{"start":{"line":25,"column":24},"end":{"line":25,"column":29}},"loc":{"start":{"line":25,"column":82},"end":{"line":55,"column":1}}},"1":{"name":"(anonymous_1)","decl":{"start":{"line":58,"column":38},"end":{"line":58,"column":43}},"loc":{"start":{"line":58,"column":100},"end":{"line":97,"column":1}}}},"branchMap":{"0":{"loc":{"start":{"line":32,"column":4},"end":{"line":35,"column":5}},"type":"if","locations":[{"start":{"line":32,"column":4},"end":{"line":35,"column":5}}]},"1":{"loc":{"start":{"line":64,"column":4},"end":{"line":67,"column":5}},"type":"if","locations":[{"start":{"line":64,"column":4},"end":{"line":67,"column":5}}]},"2":{"loc":{"start":{"line":68,"column":4},"end":{"line":71,"column":5}},"type":"if","locations":[{"start":{"line":68,"column":4},"end":{"line":71,"column":5}}]},"3":{"loc":{"start":{"line":74,"column":4},"end":{"line":76,"column":5}},"type":"if","locations":[{"start":{"line":74,"column":4},"end":{"line":76,"column":5}}]},"4":{"loc":{"start":{"line":85,"column":23},"end":{"line":85,"column":49}},"type":"binary-expr","locations":[{"start":{"line":85,"column":23},"end":{"line":85,"column":41}},{"start":{"line":85,"column":45},"end":{"line":85,"column":49}}]},"5":{"loc":{"start":{"line":86,"column":20},"end":{"line":86,"column":43}},"type":"binary-expr","locations":[{"start":{"line":86,"column":20},"end":{"line":86,"column":35}},{"start":{"line":86,"column":39},"end":{"line":86,"column":43}}]},"6":{"loc":{"start":{"line":87,"column":24},"end":{"line":87,"column":46}},"type":"binary-expr","locations":[{"start":{"line":87,"column":24},"end":{"line":87,"column":38}},{"start":{"line":87,"column":42},"end":{"line":87,"column":46}}]},"7":{"loc":{"start":{"line":88,"column":28},"end":{"line":88,"column":59}},"type":"binary-expr","locations":[{"start":{"line":88,"column":28},"end":{"line":88,"column":51}},{"start":{"line":88,"column":55},"end":{"line":88,"column":59}}]},"8":{"loc":{"start":{"line":89,"column":27},"end":{"line":89,"column":57}},"type":"binary-expr","locations":[{"start":{"line":89,"column":27},"end":{"line":89,"column":49}},{"start":{"line":89,"column":53},"end":{"line":89,"column":57}}]}},"s":{"0":3,"1":3,"2":3,"3":3,"4":3,"5":3,"6":3,"7":3,"8":3,"9":3,"10":0,"11":0,"12":0,"13":0,"14":0,"15":0,"16":0,"17":0,"18":0,"19":0,"20":0,"21":3,"22":0,"23":0,"24":0,"25":0,"26":0,"27":0,"28":0,"29":0,"30":0,"31":0,"32":0,"33":0,"34":0,"35":0,"36":0,"37":3},"f":{"0":0,"1":0},"b":{"0":[0],"1":[0],"2":[0],"3":[0],"4":[0,0],"5":[0,0],"6":[0,0],"7":[0,0],"8":[0,0]}}
,"D:\\Projects\\public-opinion\\backend\\src\\routes\\points.ts": {"path":"D:\\Projects\\public-opinion\\backend\\src\\routes\\points.ts","statementMap":{"0":{"start":{"line":1,"column":0},"end":{"line":1,"column":57}},"1":{"start":{"line":2,"column":0},"end":{"line":2,"column":39}},"2":{"start":{"line":3,"column":0},"end":{"line":3,"column":62}},"3":{"start":{"line":5,"column":15},"end":{"line":5,"column":23}},"4":{"start":{"line":8,"column":0},"end":{"line":41,"column":3}},"5":{"start":{"line":9,"column":2},"end":{"line":40,"column":3}},"6":{"start":{"line":10,"column":19},"end":{"line":10,"column":31}},"7":{"start":{"line":12,"column":36},"end":{"line":21,"column":6}},"8":{"start":{"line":23,"column":4},"end":{"line":26,"column":5}},"9":{"start":{"line":24,"column":6},"end":{"line":24,"column":47}},"10":{"start":{"line":25,"column":6},"end":{"line":25,"column":13}},"11":{"start":{"line":28,"column":4},"end":{"line":37,"column":7}},"12":{"start":{"line":39,"column":4},"end":{"line":39,"column":14}},"13":{"start":{"line":44,"column":0},"end":{"line":81,"column":3}},"14":{"start":{"line":45,"column":2},"end":{"line":80,"column":3}},"15":{"start":{"line":46,"column":19},"end":{"line":46,"column":31}},"16":{"start":{"line":47,"column":17},"end":{"line":47,"column":69}},"17":{"start":{"line":48,"column":18},"end":{"line":48,"column":87}},"18":{"start":{"line":49,"column":17},"end":{"line":49,"column":35}},"19":{"start":{"line":51,"column":34},"end":{"line":67,"column":6}},"20":{"start":{"line":69,"column":4},"end":{"line":77,"column":7}},"21":{"start":{"line":79,"column":4},"end":{"line":79,"column":14}},"22":{"start":{"line":83,"column":0},"end":{"line":83,"column":22}}},"fnMap":{"0":{"name":"(anonymous_0)","decl":{"start":{"line":8,"column":36},"end":{"line":8,"column":41}},"loc":{"start":{"line":8,"column":98},"end":{"line":41,"column":1}}},"1":{"name":"(anonymous_1)","decl":{"start":{"line":44,"column":41},"end":{"line":44,"column":46}},"loc":{"start":{"line":44,"column":103},"end":{"line":81,"column":1}}}},"branchMap":{"0":{"loc":{"start":{"line":23,"column":4},"end":{"line":26,"column":5}},"type":"if","locations":[{"start":{"line":23,"column":4},"end":{"line":26,"column":5}}]},"1":{"loc":{"start":{"line":23,"column":8},"end":{"line":23,"column":33}},"type":"binary-expr","locations":[{"start":{"line":23,"column":8},"end":{"line":23,"column":21}},{"start":{"line":23,"column":25},"end":{"line":23,"column":33}}]},"2":{"loc":{"start":{"line":47,"column":29},"end":{"line":47,"column":68}},"type":"binary-expr","locations":[{"start":{"line":47,"column":29},"end":{"line":47,"column":63}},{"start":{"line":47,"column":67},"end":{"line":47,"column":68}}]},"3":{"loc":{"start":{"line":48,"column":44},"end":{"line":48,"column":85}},"type":"binary-expr","locations":[{"start":{"line":48,"column":44},"end":{"line":48,"column":79}},{"start":{"line":48,"column":83},"end":{"line":48,"column":85}}]}},"s":{"0":3,"1":3,"2":3,"3":3,"4":3,"5":3,"6":3,"7":3,"8":3,"9":1,"10":1,"11":2,"12":0,"13":3,"14":3,"15":3,"16":3,"17":3,"18":3,"19":3,"20":3,"21":0,"22":3},"f":{"0":3,"1":3},"b":{"0":[1],"1":[3,2],"2":[3,2],"3":[3,1]}}
,"D:\\Projects\\public-opinion\\backend\\src\\routes\\relations.ts": {"path":"D:\\Projects\\public-opinion\\backend\\src\\routes\\relations.ts","statementMap":{"0":{"start":{"line":1,"column":0},"end":{"line":1,"column":66}},"1":{"start":{"line":2,"column":0},"end":{"line":2,"column":24}},"2":{"start":{"line":3,"column":0},"end":{"line":3,"column":39}},"3":{"start":{"line":4,"column":0},"end":{"line":4,"column":62}},"4":{"start":{"line":5,"column":0},"end":{"line":5,"column":54}},"5":{"start":{"line":6,"column":0},"end":{"line":6,"column":43}},"6":{"start":{"line":7,"column":0},"end":{"line":7,"column":null}},"7":{"start":{"line":13,"column":24},"end":{"line":13,"column":53}},"8":{"start":{"line":32,"column":24},"end":{"line":50,"column":2}},"9":{"start":{"line":52,"column":29},"end":{"line":91,"column":2}},"10":{"start":{"line":54,"column":21},"end":{"line":54,"column":77}},"11":{"start":{"line":70,"column":2},"end":{"line":76,"column":3}},"12":{"start":{"line":71,"column":4},"end":{"line":75,"column":7}},"13":{"start":{"line":77,"column":2},"end":{"line":83,"column":3}},"14":{"start":{"line":78,"column":4},"end":{"line":82,"column":7}},"15":{"start":{"line":84,"column":2},"end":{"line":90,"column":3}},"16":{"start":{"line":85,"column":4},"end":{"line":89,"column":7}},"17":{"start":{"line":93,"column":39},"end":{"line":93,"column":163}},"18":{"start":{"line":94,"column":39},"end":{"line":94,"column":60}},"19":{"start":{"line":96,"column":25},"end":{"line":99,"column":2}},"20":{"start":{"line":106,"column":0},"end":{"line":149,"column":3}},"21":{"start":{"line":107,"column":2},"end":{"line":148,"column":3}},"22":{"start":{"line":108,"column":20},"end":{"line":108,"column":48}},"23":{"start":{"line":109,"column":28},"end":{"line":109,"column":61}},"24":{"start":{"line":110,"column":17},"end":{"line":110,"column":35}},"25":{"start":{"line":112,"column":18},"end":{"line":112,"column":75}},"26":{"start":{"line":113,"column":4},"end":{"line":116,"column":5}},"27":{"start":{"line":114,"column":6},"end":{"line":114,"column":47}},"28":{"start":{"line":115,"column":6},"end":{"line":115,"column":13}},"29":{"start":{"line":119,"column":30},"end":{"line":128,"column":6}},"30":{"start":{"line":131,"column":22},"end":{"line":140,"column":7}},"31":{"start":{"line":131,"column":41},"end":{"line":140,"column":6}},"32":{"start":{"line":142,"column":4},"end":{"line":145,"column":7}},"33":{"start":{"line":147,"column":4},"end":{"line":147,"column":14}},"34":{"start":{"line":152,"column":0},"end":{"line":356,"column":3}},"35":{"start":{"line":153,"column":2},"end":{"line":355,"column":3}},"36":{"start":{"line":154,"column":20},"end":{"line":154,"column":48}},"37":{"start":{"line":155,"column":17},"end":{"line":155,"column":53}},"38":{"start":{"line":157,"column":18},"end":{"line":157,"column":75}},"39":{"start":{"line":158,"column":4},"end":{"line":161,"column":5}},"40":{"start":{"line":159,"column":6},"end":{"line":159,"column":47}},"41":{"start":{"line":160,"column":6},"end":{"line":160,"column":13}},"42":{"start":{"line":162,"column":4},"end":{"line":165,"column":5}},"43":{"start":{"line":163,"column":6},"end":{"line":163,"column":57}},"44":{"start":{"line":164,"column":6},"end":{"line":164,"column":13}},"45":{"start":{"line":173,"column":27},"end":{"line":173,"column":81}},"46":{"start":{"line":175,"column":4},"end":{"line":178,"column":5}},"47":{"start":{"line":176,"column":6},"end":{"line":176,"column":58}},"48":{"start":{"line":177,"column":6},"end":{"line":177,"column":13}},"49":{"start":{"line":180,"column":4},"end":{"line":183,"column":5}},"50":{"start":{"line":181,"column":6},"end":{"line":181,"column":52}},"51":{"start":{"line":182,"column":6},"end":{"line":182,"column":13}},"52":{"start":{"line":187,"column":57},"end":{"line":190,"column":6}},"53":{"start":{"line":191,"column":4},"end":{"line":194,"column":5}},"54":{"start":{"line":192,"column":6},"end":{"line":192,"column":97}},"55":{"start":{"line":193,"column":6},"end":{"line":193,"column":13}},"56":{"start":{"line":197,"column":4},"end":{"line":205,"column":5}},"57":{"start":{"line":198,"column":28},"end":{"line":200,"column":8}},"58":{"start":{"line":201,"column":6},"end":{"line":204,"column":7}},"59":{"start":{"line":202,"column":8},"end":{"line":202,"column":58}},"60":{"start":{"line":203,"column":8},"end":{"line":203,"column":15}},"61":{"start":{"line":208,"column":29},"end":{"line":210,"column":90}},"62":{"start":{"line":209,"column":19},"end":{"line":209,"column":69}},"63":{"start":{"line":210,"column":17},"end":{"line":210,"column":89}},"64":{"start":{"line":212,"column":30},"end":{"line":214,"column":75}},"65":{"start":{"line":213,"column":19},"end":{"line":213,"column":40}},"66":{"start":{"line":214,"column":17},"end":{"line":214,"column":74}},"67":{"start":{"line":219,"column":25},"end":{"line":219,"column":68}},"68":{"start":{"line":220,"column":4},"end":{"line":223,"column":5}},"69":{"start":{"line":221,"column":6},"end":{"line":221,"column":64}},"70":{"start":{"line":222,"column":6},"end":{"line":222,"column":13}},"71":{"start":{"line":226,"column":4},"end":{"line":236,"column":5}},"72":{"start":{"line":227,"column":31},"end":{"line":227,"column":61}},"73":{"start":{"line":228,"column":28},"end":{"line":231,"column":8}},"74":{"start":{"line":232,"column":6},"end":{"line":235,"column":7}},"75":{"start":{"line":233,"column":8},"end":{"line":233,"column":60}},"76":{"start":{"line":234,"column":8},"end":{"line":234,"column":15}},"77":{"start":{"line":239,"column":104},"end":{"line":239,"column":106}},"78":{"start":{"line":240,"column":4},"end":{"line":284,"column":5}},"79":{"start":{"line":241,"column":32},"end":{"line":241,"column":63}},"80":{"start":{"line":242,"column":36},"end":{"line":245,"column":8}},"81":{"start":{"line":246,"column":6},"end":{"line":249,"column":7}},"82":{"start":{"line":247,"column":8},"end":{"line":247,"column":62}},"83":{"start":{"line":248,"column":8},"end":{"line":248,"column":15}},"84":{"start":{"line":253,"column":27},"end":{"line":253,"column":110}},"85":{"start":{"line":254,"column":6},"end":{"line":254,"column":74}},"86":{"start":{"line":254,"column":43},"end":{"line":254,"column":72}},"87":{"start":{"line":255,"column":38},"end":{"line":255,"column":90}},"88":{"start":{"line":256,"column":21},"end":{"line":256,"column":38}},"89":{"start":{"line":257,"column":30},"end":{"line":257,"column":32}},"90":{"start":{"line":258,"column":22},"end":{"line":262,"column":7}},"91":{"start":{"line":259,"column":8},"end":{"line":259,"column":35}},"92":{"start":{"line":259,"column":28},"end":{"line":259,"column":35}},"93":{"start":{"line":260,"column":8},"end":{"line":260,"column":23}},"94":{"start":{"line":261,"column":8},"end":{"line":261,"column":23}},"95":{"start":{"line":263,"column":6},"end":{"line":265,"column":41}},"96":{"start":{"line":264,"column":23},"end":{"line":264,"column":74}},"97":{"start":{"line":265,"column":24},"end":{"line":265,"column":39}},"98":{"start":{"line":267,"column":6},"end":{"line":281,"column":7}},"99":{"start":{"line":268,"column":22},"end":{"line":268,"column":36}},"100":{"start":{"line":269,"column":20},"end":{"line":269,"column":43}},"101":{"start":{"line":270,"column":8},"end":{"line":270,"column":83}},"102":{"start":{"line":270,"column":74},"end":{"line":270,"column":83}},"103":{"start":{"line":271,"column":34},"end":{"line":271,"column":110}},"104":{"start":{"line":271,"column":88},"end":{"line":271,"column":109}},"105":{"start":{"line":272,"column":8},"end":{"line":272,"column":53}},"106":{"start":{"line":272,"column":44},"end":{"line":272,"column":53}},"107":{"start":{"line":273,"column":32},"end":{"line":276,"column":10}},"108":{"start":{"line":277,"column":8},"end":{"line":280,"column":11}},"109":{"start":{"line":278,"column":10},"end":{"line":278,"column":52}},"110":{"start":{"line":279,"column":10},"end":{"line":279,"column":32}},"111":{"start":{"line":283,"column":6},"end":{"line":283,"column":56}},"112":{"start":{"line":289,"column":4},"end":{"line":301,"column":5}},"113":{"start":{"line":290,"column":31},"end":{"line":296,"column":8}},"114":{"start":{"line":297,"column":6},"end":{"line":300,"column":7}},"115":{"start":{"line":298,"column":8},"end":{"line":298,"column":64}},"116":{"start":{"line":299,"column":8},"end":{"line":299,"column":15}},"117":{"start":{"line":304,"column":6},"end":{"line":306,"column":22}},"118":{"start":{"line":309,"column":4},"end":{"line":325,"column":5}},"119":{"start":{"line":310,"column":21},"end":{"line":312,"column":8}},"120":{"start":{"line":313,"column":6},"end":{"line":316,"column":7}},"121":{"start":{"line":314,"column":8},"end":{"line":314,"column":62}},"122":{"start":{"line":315,"column":8},"end":{"line":315,"column":15}},"123":{"start":{"line":317,"column":6},"end":{"line":320,"column":7}},"124":{"start":{"line":318,"column":8},"end":{"line":318,"column":60}},"125":{"start":{"line":319,"column":8},"end":{"line":319,"column":15}},"126":{"start":{"line":321,"column":6},"end":{"line":324,"column":7}},"127":{"start":{"line":322,"column":8},"end":{"line":322,"column":58}},"128":{"start":{"line":323,"column":8},"end":{"line":323,"column":15}},"129":{"start":{"line":329,"column":25},"end":{"line":340,"column":6}},"130":{"start":{"line":343,"column":4},"end":{"line":352,"column":7}},"131":{"start":{"line":354,"column":4},"end":{"line":354,"column":14}},"132":{"start":{"line":358,"column":0},"end":{"line":358,"column":31}}},"fnMap":{"0":{"name":"(anonymous_0)","decl":{"start":{"line":54,"column":14},"end":{"line":54,"column":17}},"loc":{"start":{"line":54,"column":21},"end":{"line":54,"column":77}}},"1":{"name":"(anonymous_1)","decl":{"start":{"line":69,"column":15},"end":{"line":69,"column":16}},"loc":{"start":{"line":69,"column":29},"end":{"line":91,"column":1}}},"2":{"name":"(anonymous_2)","decl":{"start":{"line":106,"column":25},"end":{"line":106,"column":30}},"loc":{"start":{"line":106,"column":83},"end":{"line":149,"column":1}}},"3":{"name":"(anonymous_3)","decl":{"start":{"line":131,"column":35},"end":{"line":131,"column":36}},"loc":{"start":{"line":131,"column":41},"end":{"line":140,"column":6}}},"4":{"name":"(anonymous_4)","decl":{"start":{"line":152,"column":39},"end":{"line":152,"column":44}},"loc":{"start":{"line":152,"column":101},"end":{"line":356,"column":1}}},"5":{"name":"(anonymous_5)","decl":{"start":{"line":209,"column":14},"end":{"line":209,"column":15}},"loc":{"start":{"line":209,"column":19},"end":{"line":209,"column":69}}},"6":{"name":"(anonymous_6)","decl":{"start":{"line":210,"column":11},"end":{"line":210,"column":12}},"loc":{"start":{"line":210,"column":17},"end":{"line":210,"column":89}}},"7":{"name":"(anonymous_7)","decl":{"start":{"line":213,"column":14},"end":{"line":213,"column":15}},"loc":{"start":{"line":213,"column":19},"end":{"line":213,"column":40}}},"8":{"name":"(anonymous_8)","decl":{"start":{"line":214,"column":11},"end":{"line":214,"column":12}},"loc":{"start":{"line":214,"column":17},"end":{"line":214,"column":74}}},"9":{"name":"(anonymous_9)","decl":{"start":{"line":254,"column":36},"end":{"line":254,"column":39}},"loc":{"start":{"line":254,"column":43},"end":{"line":254,"column":72}}},"10":{"name":"(anonymous_10)","decl":{"start":{"line":258,"column":22},"end":{"line":258,"column":23}},"loc":{"start":{"line":258,"column":37},"end":{"line":262,"column":7}}},"11":{"name":"(anonymous_11)","decl":{"start":{"line":264,"column":16},"end":{"line":264,"column":19}},"loc":{"start":{"line":264,"column":23},"end":{"line":264,"column":74}}},"12":{"name":"(anonymous_12)","decl":{"start":{"line":265,"column":17},"end":{"line":265,"column":20}},"loc":{"start":{"line":265,"column":24},"end":{"line":265,"column":39}}},"13":{"name":"(anonymous_13)","decl":{"start":{"line":271,"column":82},"end":{"line":271,"column":84}},"loc":{"start":{"line":271,"column":88},"end":{"line":271,"column":109}}},"14":{"name":"(anonymous_14)","decl":{"start":{"line":277,"column":32},"end":{"line":277,"column":41}},"loc":{"start":{"line":277,"column":44},"end":{"line":280,"column":9}}}},"branchMap":{"0":{"loc":{"start":{"line":70,"column":2},"end":{"line":76,"column":3}},"type":"if","locations":[{"start":{"line":70,"column":2},"end":{"line":76,"column":3}}]},"1":{"loc":{"start":{"line":70,"column":6},"end":{"line":70,"column":74}},"type":"binary-expr","locations":[{"start":{"line":70,"column":6},"end":{"line":70,"column":33}},{"start":{"line":70,"column":37},"end":{"line":70,"column":74}}]},"2":{"loc":{"start":{"line":70,"column":39},"end":{"line":70,"column":73}},"type":"binary-expr","locations":[{"start":{"line":70,"column":39},"end":{"line":70,"column":51}},{"start":{"line":70,"column":55},"end":{"line":70,"column":73}}]},"3":{"loc":{"start":{"line":77,"column":2},"end":{"line":83,"column":3}},"type":"if","locations":[{"start":{"line":77,"column":2},"end":{"line":83,"column":3}}]},"4":{"loc":{"start":{"line":77,"column":6},"end":{"line":77,"column":62}},"type":"binary-expr","locations":[{"start":{"line":77,"column":6},"end":{"line":77,"column":38}},{"start":{"line":77,"column":42},"end":{"line":77,"column":62}}]},"5":{"loc":{"start":{"line":84,"column":2},"end":{"line":90,"column":3}},"type":"if","locations":[{"start":{"line":84,"column":2},"end":{"line":90,"column":3}}]},"6":{"loc":{"start":{"line":84,"column":6},"end":{"line":84,"column":61}},"type":"binary-expr","locations":[{"start":{"line":84,"column":6},"end":{"line":84,"column":37}},{"start":{"line":84,"column":41},"end":{"line":84,"column":61}}]},"7":{"loc":{"start":{"line":113,"column":4},"end":{"line":116,"column":5}},"type":"if","locations":[{"start":{"line":113,"column":4},"end":{"line":116,"column":5}}]},"8":{"loc":{"start":{"line":135,"column":23},"end":{"line":135,"column":44}},"type":"binary-expr","locations":[{"start":{"line":135,"column":23},"end":{"line":135,"column":36}},{"start":{"line":135,"column":40},"end":{"line":135,"column":44}}]},"9":{"loc":{"start":{"line":137,"column":15},"end":{"line":137,"column":45}},"type":"binary-expr","locations":[{"start":{"line":137,"column":15},"end":{"line":137,"column":32}},{"start":{"line":137,"column":36},"end":{"line":137,"column":45}}]},"10":{"loc":{"start":{"line":158,"column":4},"end":{"line":161,"column":5}},"type":"if","locations":[{"start":{"line":158,"column":4},"end":{"line":161,"column":5}}]},"11":{"loc":{"start":{"line":162,"column":4},"end":{"line":165,"column":5}},"type":"if","locations":[{"start":{"line":162,"column":4},"end":{"line":165,"column":5}}]},"12":{"loc":{"start":{"line":175,"column":4},"end":{"line":178,"column":5}},"type":"if","locations":[{"start":{"line":175,"column":4},"end":{"line":178,"column":5}}]},"13":{"loc":{"start":{"line":175,"column":8},"end":{"line":175,"column":47}},"type":"binary-expr","locations":[{"start":{"line":175,"column":8},"end":{"line":175,"column":22}},{"start":{"line":175,"column":26},"end":{"line":175,"column":47}}]},"14":{"loc":{"start":{"line":180,"column":4},"end":{"line":183,"column":5}},"type":"if","locations":[{"start":{"line":180,"column":4},"end":{"line":183,"column":5}}]},"15":{"loc":{"start":{"line":180,"column":8},"end":{"line":180,"column":94}},"type":"binary-expr","locations":[{"start":{"line":180,"column":8},"end":{"line":180,"column":62}},{"start":{"line":180,"column":66},"end":{"line":180,"column":94}}]},"16":{"loc":{"start":{"line":191,"column":4},"end":{"line":194,"column":5}},"type":"if","locations":[{"start":{"line":191,"column":4},"end":{"line":194,"column":5}}]},"17":{"loc":{"start":{"line":191,"column":8},"end":{"line":191,"column":73}},"type":"binary-expr","locations":[{"start":{"line":191,"column":8},"end":{"line":191,"column":49}},{"start":{"line":191,"column":53},"end":{"line":191,"column":73}}]},"18":{"loc":{"start":{"line":197,"column":4},"end":{"line":205,"column":5}},"type":"if","locations":[{"start":{"line":197,"column":4},"end":{"line":205,"column":5}}]},"19":{"loc":{"start":{"line":201,"column":6},"end":{"line":204,"column":7}},"type":"if","locations":[{"start":{"line":201,"column":6},"end":{"line":204,"column":7}}]},"20":{"loc":{"start":{"line":209,"column":19},"end":{"line":209,"column":69}},"type":"binary-expr","locations":[{"start":{"line":209,"column":19},"end":{"line":209,"column":39}},{"start":{"line":209,"column":43},"end":{"line":209,"column":69}}]},"21":{"loc":{"start":{"line":220,"column":4},"end":{"line":223,"column":5}},"type":"if","locations":[{"start":{"line":220,"column":4},"end":{"line":223,"column":5}}]},"22":{"loc":{"start":{"line":226,"column":4},"end":{"line":236,"column":5}},"type":"if","locations":[{"start":{"line":226,"column":4},"end":{"line":236,"column":5}}]},"23":{"loc":{"start":{"line":232,"column":6},"end":{"line":235,"column":7}},"type":"if","locations":[{"start":{"line":232,"column":6},"end":{"line":235,"column":7}}]},"24":{"loc":{"start":{"line":240,"column":4},"end":{"line":284,"column":5}},"type":"if","locations":[{"start":{"line":240,"column":4},"end":{"line":284,"column":5}}]},"25":{"loc":{"start":{"line":246,"column":6},"end":{"line":249,"column":7}},"type":"if","locations":[{"start":{"line":246,"column":6},"end":{"line":249,"column":7}}]},"26":{"loc":{"start":{"line":259,"column":8},"end":{"line":259,"column":35}},"type":"if","locations":[{"start":{"line":259,"column":8},"end":{"line":259,"column":35}}]},"27":{"loc":{"start":{"line":264,"column":51},"end":{"line":264,"column":73}},"type":"binary-expr","locations":[{"start":{"line":264,"column":51},"end":{"line":264,"column":67}},{"start":{"line":264,"column":71},"end":{"line":264,"column":73}}]},"28":{"loc":{"start":{"line":270,"column":8},"end":{"line":270,"column":83}},"type":"if","locations":[{"start":{"line":270,"column":8},"end":{"line":270,"column":83}}]},"29":{"loc":{"start":{"line":270,"column":12},"end":{"line":270,"column":72}},"type":"binary-expr","locations":[{"start":{"line":270,"column":12},"end":{"line":270,"column":16}},{"start":{"line":270,"column":20},"end":{"line":270,"column":72}}]},"30":{"loc":{"start":{"line":270,"column":49},"end":{"line":270,"column":71}},"type":"binary-expr","locations":[{"start":{"line":270,"column":49},"end":{"line":270,"column":65}},{"start":{"line":270,"column":69},"end":{"line":270,"column":71}}]},"31":{"loc":{"start":{"line":272,"column":8},"end":{"line":272,"column":53}},"type":"if","locations":[{"start":{"line":272,"column":8},"end":{"line":272,"column":53}}]},"32":{"loc":{"start":{"line":289,"column":4},"end":{"line":301,"column":5}},"type":"if","locations":[{"start":{"line":289,"column":4},"end":{"line":301,"column":5}}]},"33":{"loc":{"start":{"line":289,"column":8},"end":{"line":289,"column":108}},"type":"binary-expr","locations":[{"start":{"line":289,"column":8},"end":{"line":289,"column":40}},{"start":{"line":289,"column":44},"end":{"line":289,"column":73}},{"start":{"line":289,"column":77},"end":{"line":289,"column":108}}]},"34":{"loc":{"start":{"line":297,"column":6},"end":{"line":300,"column":7}},"type":"if","locations":[{"start":{"line":297,"column":6},"end":{"line":300,"column":7}}]},"35":{"loc":{"start":{"line":304,"column":6},"end":{"line":306,"column":22}},"type":"cond-expr","locations":[{"start":{"line":305,"column":10},"end":{"line":305,"column":68}},{"start":{"line":306,"column":10},"end":{"line":306,"column":22}}]},"36":{"loc":{"start":{"line":304,"column":6},"end":{"line":304,"column":103}},"type":"binary-expr","locations":[{"start":{"line":304,"column":7},"end":{"line":304,"column":36}},{"start":{"line":304,"column":40},"end":{"line":304,"column":71}},{"start":{"line":304,"column":76},"end":{"line":304,"column":103}}]},"37":{"loc":{"start":{"line":309,"column":4},"end":{"line":325,"column":5}},"type":"if","locations":[{"start":{"line":309,"column":4},"end":{"line":325,"column":5}}]},"38":{"loc":{"start":{"line":313,"column":6},"end":{"line":316,"column":7}},"type":"if","locations":[{"start":{"line":313,"column":6},"end":{"line":316,"column":7}}]},"39":{"loc":{"start":{"line":317,"column":6},"end":{"line":320,"column":7}},"type":"if","locations":[{"start":{"line":317,"column":6},"end":{"line":320,"column":7}}]},"40":{"loc":{"start":{"line":321,"column":6},"end":{"line":324,"column":7}},"type":"if","locations":[{"start":{"line":321,"column":6},"end":{"line":324,"column":7}}]},"41":{"loc":{"start":{"line":335,"column":25},"end":{"line":335,"column":53}},"type":"binary-expr","locations":[{"start":{"line":335,"column":25},"end":{"line":335,"column":45}},{"start":{"line":335,"column":49},"end":{"line":335,"column":53}}]},"42":{"loc":{"start":{"line":337,"column":26},"end":{"line":337,"column":54}},"type":"binary-expr","locations":[{"start":{"line":337,"column":26},"end":{"line":337,"column":41}},{"start":{"line":337,"column":45},"end":{"line":337,"column":54}}]},"43":{"loc":{"start":{"line":338,"column":30},"end":{"line":338,"column":63}},"type":"binary-expr","locations":[{"start":{"line":338,"column":30},"end":{"line":338,"column":55}},{"start":{"line":338,"column":59},"end":{"line":338,"column":63}}]},"44":{"loc":{"start":{"line":347,"column":23},"end":{"line":347,"column":50}},"type":"binary-expr","locations":[{"start":{"line":347,"column":23},"end":{"line":347,"column":42}},{"start":{"line":347,"column":46},"end":{"line":347,"column":50}}]},"45":{"loc":{"start":{"line":349,"column":15},"end":{"line":349,"column":51}},"type":"binary-expr","locations":[{"start":{"line":349,"column":15},"end":{"line":349,"column":38}},{"start":{"line":349,"column":42},"end":{"line":349,"column":51}}]}},"s":{"0":3,"1":3,"2":3,"3":3,"4":3,"5":3,"6":3,"7":3,"8":3,"9":3,"10":1,"11":40,"12":0,"13":40,"14":0,"15":40,"16":1,"17":3,"18":3,"19":3,"20":3,"21":3,"22":3,"23":3,"24":3,"25":3,"26":3,"27":1,"28":1,"29":2,"30":2,"31":1,"32":2,"33":0,"34":3,"35":41,"36":41,"37":41,"38":39,"39":39,"40":1,"41":1,"42":38,"43":1,"44":1,"45":37,"46":37,"47":1,"48":1,"49":36,"50":2,"51":2,"52":34,"53":34,"54":4,"55":4,"56":30,"57":6,"58":6,"59":1,"60":1,"61":29,"62":29,"63":15,"64":29,"65":29,"66":14,"67":29,"68":29,"69":0,"70":0,"71":29,"72":14,"73":14,"74":14,"75":0,"76":0,"77":29,"78":29,"79":14,"80":14,"81":14,"82":1,"83":1,"84":13,"85":13,"86":13,"87":13,"88":13,"89":13,"90":13,"91":9,"92":0,"93":9,"94":9,"95":13,"96":13,"97":9,"98":13,"99":9,"100":9,"101":9,"102":0,"103":9,"104":0,"105":9,"106":9,"107":0,"108":0,"109":0,"110":0,"111":13,"112":28,"113":23,"114":23,"115":7,"116":7,"117":21,"118":21,"119":0,"120":0,"121":0,"122":0,"123":0,"124":0,"125":0,"126":0,"127":0,"128":0,"129":21,"130":21,"131":2,"132":3},"f":{"0":1,"1":40,"2":3,"3":1,"4":41,"5":29,"6":15,"7":29,"8":14,"9":13,"10":9,"11":13,"12":9,"13":0,"14":0},"b":{"0":[0],"1":[40,0],"2":[0,0],"3":[0],"4":[40,11],"5":[1],"6":[40,8],"7":[1],"8":[1,0],"9":[1,1],"10":[1],"11":[1],"12":[1],"13":[37,5],"14":[2],"15":[36,25],"16":[4],"17":[34,28],"18":[6],"19":[1],"20":[29,15],"21":[0],"22":[14],"23":[0],"24":[14],"25":[1],"26":[0],"27":[13,0],"28":[0],"29":[9,9],"30":[9,0],"31":[9],"32":[23],"33":[28,18,10],"34":[7],"35":[8,13],"36":[21,16,8],"37":[0],"38":[0],"39":[0],"40":[0],"41":[21,17],"42":[21,5],"43":[21,21],"44":[21,17],"45":[21,21]}}
,"D:\\Projects\\public-opinion\\backend\\src\\routes\\rules.ts": {"path":"D:\\Projects\\public-opinion\\backend\\src\\routes\\rules.ts","statementMap":{"0":{"start":{"line":1,"column":0},"end":{"line":1,"column":57}},"1":{"start":{"line":2,"column":0},"end":{"line":2,"column":39}},"2":{"start":{"line":4,"column":15},"end":{"line":4,"column":23}},"3":{"start":{"line":7,"column":0},"end":{"line":31,"column":3}},"4":{"start":{"line":8,"column":2},"end":{"line":30,"column":3}},"5":{"start":{"line":9,"column":17},"end":{"line":20,"column":6}},"6":{"start":{"line":22,"column":4},"end":{"line":25,"column":5}},"7":{"start":{"line":23,"column":6},"end":{"line":23,"column":51}},"8":{"start":{"line":24,"column":6},"end":{"line":24,"column":13}},"9":{"start":{"line":27,"column":4},"end":{"line":27,"column":19}},"10":{"start":{"line":29,"column":4},"end":{"line":29,"column":14}},"11":{"start":{"line":33,"column":0},"end":{"line":33,"column":22}}},"fnMap":{"0":{"name":"(anonymous_0)","decl":{"start":{"line":7,"column":23},"end":{"line":7,"column":28}},"loc":{"start":{"line":7,"column":73},"end":{"line":31,"column":1}}}},"branchMap":{"0":{"loc":{"start":{"line":22,"column":4},"end":{"line":25,"column":5}},"type":"if","locations":[{"start":{"line":22,"column":4},"end":{"line":25,"column":5}}]}},"s":{"0":3,"1":3,"2":3,"3":3,"4":3,"5":3,"6":3,"7":1,"8":1,"9":2,"10":0,"11":3},"f":{"0":3},"b":{"0":[1]}}
,"D:\\Projects\\public-opinion\\backend\\src\\routes\\topics.ts": {"path":"D:\\Projects\\public-opinion\\backend\\src\\routes\\topics.ts","statementMap":{"0":{"start":{"line":1,"column":0},"end":{"line":1,"column":66}},"1":{"start":{"line":2,"column":0},"end":{"line":2,"column":24}},"2":{"start":{"line":3,"column":0},"end":{"line":3,"column":39}},"3":{"start":{"line":4,"column":0},"end":{"line":4,"column":62}},"4":{"start":{"line":5,"column":0},"end":{"line":5,"column":43}},"5":{"start":{"line":7,"column":15},"end":{"line":7,"column":23}},"6":{"start":{"line":9,"column":26},"end":{"line":12,"column":2}},"7":{"start":{"line":14,"column":26},"end":{"line":16,"column":2}},"8":{"start":{"line":18,"column":25},"end":{"line":23,"column":2}},"9":{"start":{"line":26,"column":0},"end":{"line":61,"column":3}},"10":{"start":{"line":27,"column":2},"end":{"line":60,"column":3}},"11":{"start":{"line":28,"column":41},"end":{"line":28,"column":74}},"12":{"start":{"line":29,"column":17},"end":{"line":29,"column":35}},"13":{"start":{"line":31,"column":18},"end":{"line":38,"column":10}},"14":{"start":{"line":40,"column":28},"end":{"line":52,"column":6}},"15":{"start":{"line":54,"column":4},"end":{"line":57,"column":7}},"16":{"start":{"line":59,"column":4},"end":{"line":59,"column":14}},"17":{"start":{"line":64,"column":0},"end":{"line":76,"column":3}},"18":{"start":{"line":65,"column":2},"end":{"line":75,"column":3}},"19":{"start":{"line":66,"column":28},"end":{"line":66,"column":61}},"20":{"start":{"line":67,"column":18},"end":{"line":71,"column":6}},"21":{"start":{"line":72,"column":4},"end":{"line":72,"column":32}},"22":{"start":{"line":74,"column":4},"end":{"line":74,"column":14}},"23":{"start":{"line":79,"column":0},"end":{"line":99,"column":3}},"24":{"start":{"line":80,"column":2},"end":{"line":98,"column":3}},"25":{"start":{"line":81,"column":20},"end":{"line":81,"column":48}},"26":{"start":{"line":82,"column":18},"end":{"line":88,"column":6}},"27":{"start":{"line":90,"column":4},"end":{"line":93,"column":5}},"28":{"start":{"line":91,"column":6},"end":{"line":91,"column":47}},"29":{"start":{"line":92,"column":6},"end":{"line":92,"column":13}},"30":{"start":{"line":95,"column":4},"end":{"line":95,"column":20}},"31":{"start":{"line":97,"column":4},"end":{"line":97,"column":14}},"32":{"start":{"line":102,"column":0},"end":{"line":129,"column":3}},"33":{"start":{"line":103,"column":2},"end":{"line":128,"column":3}},"34":{"start":{"line":104,"column":20},"end":{"line":104,"column":48}},"35":{"start":{"line":105,"column":23},"end":{"line":105,"column":56}},"36":{"start":{"line":106,"column":21},"end":{"line":106,"column":78}},"37":{"start":{"line":108,"column":4},"end":{"line":111,"column":5}},"38":{"start":{"line":109,"column":6},"end":{"line":109,"column":47}},"39":{"start":{"line":110,"column":6},"end":{"line":110,"column":13}},"40":{"start":{"line":113,"column":4},"end":{"line":116,"column":5}},"41":{"start":{"line":114,"column":6},"end":{"line":114,"column":50}},"42":{"start":{"line":115,"column":6},"end":{"line":115,"column":13}},"43":{"start":{"line":118,"column":18},"end":{"line":123,"column":6}},"44":{"start":{"line":125,"column":4},"end":{"line":125,"column":20}},"45":{"start":{"line":127,"column":4},"end":{"line":127,"column":14}},"46":{"start":{"line":131,"column":0},"end":{"line":131,"column":22}}},"fnMap":{"0":{"name":"(anonymous_0)","decl":{"start":{"line":26,"column":16},"end":{"line":26,"column":21}},"loc":{"start":{"line":26,"column":74},"end":{"line":61,"column":1}}},"1":{"name":"(anonymous_1)","decl":{"start":{"line":64,"column":30},"end":{"line":64,"column":35}},"loc":{"start":{"line":64,"column":92},"end":{"line":76,"column":1}}},"2":{"name":"(anonymous_2)","decl":{"start":{"line":79,"column":24},"end":{"line":79,"column":29}},"loc":{"start":{"line":79,"column":82},"end":{"line":99,"column":1}}},"3":{"name":"(anonymous_3)","decl":{"start":{"line":102,"column":39},"end":{"line":102,"column":44}},"loc":{"start":{"line":102,"column":101},"end":{"line":129,"column":1}}}},"branchMap":{"0":{"loc":{"start":{"line":31,"column":18},"end":{"line":38,"column":10}},"type":"cond-expr","locations":[{"start":{"line":32,"column":8},"end":{"line":37,"column":null}},{"start":{"line":38,"column":8},"end":{"line":38,"column":10}}]},"1":{"loc":{"start":{"line":90,"column":4},"end":{"line":93,"column":5}},"type":"if","locations":[{"start":{"line":90,"column":4},"end":{"line":93,"column":5}}]},"2":{"loc":{"start":{"line":108,"column":4},"end":{"line":111,"column":5}},"type":"if","locations":[{"start":{"line":108,"column":4},"end":{"line":111,"column":5}}]},"3":{"loc":{"start":{"line":113,"column":4},"end":{"line":116,"column":5}},"type":"if","locations":[{"start":{"line":113,"column":4},"end":{"line":116,"column":5}}]}},"s":{"0":3,"1":3,"2":3,"3":3,"4":3,"5":3,"6":3,"7":3,"8":3,"9":3,"10":0,"11":0,"12":0,"13":0,"14":0,"15":0,"16":0,"17":3,"18":0,"19":0,"20":0,"21":0,"22":0,"23":3,"24":0,"25":0,"26":0,"27":0,"28":0,"29":0,"30":0,"31":0,"32":3,"33":0,"34":0,"35":0,"36":0,"37":0,"38":0,"39":0,"40":0,"41":0,"42":0,"43":0,"44":0,"45":0,"46":3},"f":{"0":0,"1":0,"2":0,"3":0},"b":{"0":[0,0],"1":[0],"2":[0],"3":[0]}}
}
