TN:
SF:src\app.ts
FN:41,(anonymous_1)
FN:58,(anonymous_2)
FNF:2
FNH:1
FNDA:90,(anonymous_1)
FNDA:0,(anonymous_2)
DA:1,3
DA:2,3
DA:3,3
DA:4,3
DA:5,3
DA:6,3
DA:8,3
DA:9,3
DA:10,3
DA:11,3
DA:12,3
DA:13,3
DA:14,3
DA:16,3
DA:18,3
DA:19,3
DA:23,3
DA:24,3
DA:26,3
DA:35,3
DA:41,90
DA:46,3
DA:47,3
DA:50,3
DA:51,3
DA:52,3
DA:53,3
DA:54,3
DA:55,3
DA:58,3
DA:59,0
DA:63,3
DA:65,3
LF:33
LH:32
BRDA:23,0,0,3
BRDA:23,0,1,0
BRDA:24,1,0,3
BRDA:24,1,1,0
BRDA:41,2,0,90
BRDA:41,2,1,84
BRDA:41,2,2,84
BRF:7
BRH:5
end_of_record
TN:
SF:src\lib\crossLinkValidator.ts
FN:28,extractTextTargetIds
FN:32,(anonymous_1)
FN:38,(anonymous_2)
FN:43,extractNestedRelationIds
FN:47,(anonymous_4)
FN:53,(anonymous_5)
FN:63,collectSelectedGroupTargetTextIds
FN:69,(anonymous_7)
FN:73,(anonymous_8)
FN:74,(anonymous_9)
FN:84,(anonymous_10)
FN:120,validateGroupingTargets
FN:128,(anonymous_12)
FN:139,(anonymous_13)
FN:140,(anonymous_14)
FN:158,(anonymous_15)
FN:160,(anonymous_16)
FN:178,(anonymous_17)
FN:188,(anonymous_18)
FN:189,(anonymous_19)
FN:197,(anonymous_20)
FN:225,(anonymous_21)
FN:229,(anonymous_22)
FN:234,(anonymous_23)
FN:243,(anonymous_24)
FNF:25
FNH:24
FNDA:15,extractTextTargetIds
FNDA:18,(anonymous_1)
FNDA:18,(anonymous_2)
FNDA:24,extractNestedRelationIds
FNDA:30,(anonymous_4)
FNDA:0,(anonymous_5)
FNDA:22,collectSelectedGroupTargetTextIds
FNDA:11,(anonymous_7)
FNDA:11,(anonymous_8)
FNDA:9,(anonymous_9)
FNDA:12,(anonymous_10)
FNDA:23,validateGroupingTargets
FNDA:2,(anonymous_12)
FNDA:22,(anonymous_13)
FNDA:11,(anonymous_14)
FNDA:21,(anonymous_15)
FNDA:9,(anonymous_16)
FNDA:6,(anonymous_17)
FNDA:21,(anonymous_18)
FNDA:21,(anonymous_19)
FNDA:13,(anonymous_20)
FNDA:19,(anonymous_21)
FNDA:19,(anonymous_22)
FNDA:17,(anonymous_23)
FNDA:7,(anonymous_24)
DA:12,3
DA:18,3
DA:19,3
DA:20,3
DA:21,3
DA:28,3
DA:29,15
DA:30,15
DA:33,18
DA:38,18
DA:43,3
DA:44,24
DA:45,24
DA:48,30
DA:53,0
DA:63,3
DA:67,22
DA:68,22
DA:69,11
DA:71,22
DA:72,22
DA:73,11
DA:74,9
DA:75,22
DA:77,22
DA:78,9
DA:79,9
DA:80,9
DA:81,9
DA:82,9
DA:83,9
DA:84,12
DA:85,9
DA:86,0
DA:90,22
DA:120,3
DA:123,23
DA:126,23
DA:127,2
DA:128,2
DA:129,2
DA:130,1
DA:136,22
DA:139,22
DA:140,11
DA:146,22
DA:148,19
DA:149,19
DA:158,21
DA:159,19
DA:160,19
DA:161,19
DA:162,19
DA:163,19
DA:165,19
DA:166,21
DA:167,6
DA:171,19
DA:172,6
DA:173,6
DA:174,6
DA:175,6
DA:176,6
DA:177,6
DA:178,6
DA:179,6
DA:180,6
DA:181,0
DA:186,19
DA:188,21
DA:189,21
DA:191,19
DA:197,19
DA:200,19
DA:204,19
DA:208,21
DA:212,21
DA:215,21
DA:219,21
DA:223,21
DA:226,19
DA:229,19
DA:233,21
DA:234,17
DA:236,21
DA:240,13
DA:241,6
DA:243,7
DA:244,0
DA:248,13
LF:90
LH:86
BRDA:29,0,0,0
BRDA:33,1,0,18
BRDA:33,1,1,18
BRDA:33,1,2,18
BRDA:33,1,3,0
BRDA:33,1,4,18
BRDA:44,2,0,0
BRDA:48,3,0,30
BRDA:48,3,1,30
BRDA:48,3,2,30
BRDA:48,3,3,0
BRDA:73,4,0,11
BRDA:73,4,1,0
BRDA:79,5,0,0
BRDA:82,6,0,0
BRDA:83,7,0,0
BRDA:83,8,0,9
BRDA:83,8,1,0
BRDA:86,9,0,0
BRDA:86,10,0,0
BRDA:86,10,1,0
BRDA:126,11,0,2
BRDA:126,12,0,23
BRDA:126,12,1,5
BRDA:129,13,0,1
BRDA:129,14,0,2
BRDA:129,14,1,0
BRDA:139,15,0,22
BRDA:139,15,1,11
BRDA:146,16,0,3
BRDA:166,17,0,6
BRDA:166,18,0,21
BRDA:166,18,1,15
BRDA:166,18,2,6
BRDA:173,19,0,0
BRDA:175,20,0,0
BRDA:177,21,0,0
BRDA:179,22,0,0
BRDA:179,23,0,6
BRDA:179,23,1,0
BRDA:181,24,0,0
BRDA:191,25,0,13
BRDA:191,25,1,6
BRDA:200,26,0,8
BRDA:200,26,1,11
BRDA:201,27,0,7
BRDA:201,27,1,4
BRDA:208,28,0,0
BRDA:208,29,0,21
BRDA:208,29,1,21
BRDA:212,30,0,0
BRDA:215,31,0,13
BRDA:215,31,1,8
BRDA:215,32,0,21
BRDA:215,32,1,13
BRDA:219,33,0,19
BRDA:219,33,1,2
BRDA:226,34,0,19
BRDA:226,34,1,0
BRDA:226,34,2,19
BRDA:233,35,0,21
BRDA:233,35,1,13
BRDA:233,35,2,19
BRDA:236,36,0,8
BRDA:240,37,0,6
BRDA:240,38,0,13
BRDA:240,38,1,13
BRDA:240,38,2,11
BRDA:243,39,0,0
BRDA:243,40,0,7
BRDA:243,40,1,0
BRF:71
BRH:47
end_of_record
TN:
SF:src\lib\events.ts
FN:104,applyEvent
FN:125,applyUserRegistered
FN:199,applyTopicCreated
FN:227,applyTopicStatusChanged
FN:251,applyMessageCreated
FN:296,applyRelationCreated
FN:351,applyPointMinted
FN:409,applyPointTransferred
FNF:8
FNH:7
FNDA:32,applyEvent
FNDA:3,applyUserRegistered
FNDA:1,applyTopicCreated
FNDA:2,applyTopicStatusChanged
FNDA:0,applyMessageCreated
FNDA:21,applyRelationCreated
FNDA:3,applyPointMinted
FNDA:2,applyPointTransferred
DA:9,4
DA:104,4
DA:105,32
DA:107,3
DA:109,1
DA:111,2
DA:113,0
DA:115,21
DA:117,3
DA:119,2
DA:126,3
DA:127,3
DA:129,3
DA:196,3
DA:200,1
DA:202,1
DA:219,1
DA:224,1
DA:228,2
DA:230,2
DA:248,2
DA:252,0
DA:254,0
DA:288,0
DA:293,0
DA:297,21
DA:299,21
DA:331,21
DA:332,0
DA:338,21
DA:346,21
DA:352,3
DA:354,3
DA:355,3
DA:356,1
DA:359,2
DA:361,2
DA:400,2
DA:401,2
DA:406,2
DA:410,2
DA:412,2
DA:413,2
DA:414,1
DA:417,1
DA:418,1
DA:419,0
DA:422,1
DA:423,1
DA:425,1
DA:480,1
LF:51
LH:44
BRDA:105,0,0,3
BRDA:105,0,1,1
BRDA:105,0,2,2
BRDA:105,0,3,0
BRDA:105,0,4,21
BRDA:105,0,5,3
BRDA:105,0,6,2
BRDA:239,1,0,2
BRDA:239,1,1,0
BRDA:260,2,0,0
BRDA:260,2,1,0
BRDA:262,3,0,0
BRDA:262,3,1,0
BRDA:263,4,0,0
BRDA:263,4,1,0
BRDA:264,5,0,0
BRDA:264,5,1,0
BRDA:265,6,0,0
BRDA:265,6,1,0
BRDA:266,7,0,0
BRDA:266,7,1,0
BRDA:279,8,0,0
BRDA:279,8,1,0
BRDA:306,9,0,21
BRDA:306,9,1,17
BRDA:308,10,0,21
BRDA:308,10,1,5
BRDA:316,11,0,0
BRDA:316,11,1,21
BRDA:331,12,0,0
BRDA:340,13,0,0
BRDA:340,13,1,21
BRDA:355,14,0,1
BRDA:382,15,0,0
BRDA:382,15,1,2
BRDA:402,16,0,0
BRDA:402,16,1,2
BRDA:403,17,0,2
BRDA:403,17,1,0
BRDA:413,18,0,1
BRDA:413,19,0,2
BRDA:413,19,1,2
BRDA:418,20,0,0
BRF:43
BRH:20
end_of_record
TN:
SF:src\lib\relationTypes.ts
FN:58,isKnownRelationType
FNF:1
FNH:0
FNDA:0,isKnownRelationType
DA:35,4
DA:58,4
DA:59,0
LF:3
LH:2
BRF:0
BRH:0
end_of_record
TN:
SF:src\middleware\auth.ts
FN:13,requireAuth
FNF:1
FNH:1
FNDA:51,requireAuth
DA:2,3
DA:13,3
DA:14,51
DA:16,51
DA:17,3
DA:18,3
DA:21,48
DA:22,48
DA:24,48
DA:25,0
DA:26,0
DA:29,48
DA:30,48
DA:31,47
DA:32,47
DA:34,1
LF:16
LH:14
BRDA:16,0,0,3
BRDA:16,1,0,51
BRDA:16,1,1,48
BRDA:24,2,0,0
BRF:4
BRH:3
end_of_record
TN:
SF:src\middleware\errorHandler.ts
FN:6,errorHandler
FN:16,(anonymous_1)
FNF:2
FNH:2
FNDA:2,errorHandler
FNDA:2,(anonymous_1)
DA:2,3
DA:3,3
DA:6,3
DA:13,2
DA:14,2
DA:16,2
DA:21,2
DA:25,0
DA:26,0
DA:27,0
DA:28,0
DA:30,0
DA:31,0
DA:32,0
DA:34,0
DA:35,0
DA:39,0
DA:40,0
LF:18
LH:7
BRDA:13,0,0,2
BRDA:25,1,0,0
BRDA:26,2,0,0
BRDA:30,3,0,0
BRF:4
BRH:1
end_of_record
TN:
SF:src\routes\auth.ts
FN:27,(anonymous_1)
FN:46,(anonymous_2)
FN:83,(anonymous_3)
FNF:3
FNH:0
FNDA:0,(anonymous_1)
FNDA:0,(anonymous_2)
FNDA:0,(anonymous_3)
DA:1,3
DA:2,3
DA:3,3
DA:4,3
DA:5,3
DA:6,3
DA:7,3
DA:8,3
DA:10,3
DA:12,3
DA:21,3
DA:27,3
DA:28,0
DA:29,0
DA:30,0
DA:31,0
DA:33,0
DA:39,0
DA:41,0
DA:46,3
DA:47,0
DA:48,0
DA:49,0
DA:51,0
DA:52,0
DA:53,0
DA:56,0
DA:57,0
DA:58,0
DA:59,0
DA:62,0
DA:63,0
DA:64,0
DA:65,0
DA:68,0
DA:72,0
DA:78,0
DA:83,3
DA:84,0
DA:87,3
LF:40
LH:15
BRDA:51,0,0,0
BRDA:57,1,0,0
BRDA:63,2,0,0
BRF:3
BRH:0
end_of_record
TN:
SF:src\routes\messages.ts
FN:25,(anonymous_0)
FN:58,(anonymous_1)
FNF:2
FNH:0
FNDA:0,(anonymous_0)
FNDA:0,(anonymous_1)
DA:1,3
DA:2,3
DA:3,3
DA:4,3
DA:5,3
DA:6,3
DA:8,3
DA:10,3
DA:19,3
DA:25,3
DA:26,0
DA:27,0
DA:28,0
DA:29,0
DA:31,0
DA:32,0
DA:33,0
DA:34,0
DA:37,0
DA:48,0
DA:53,0
DA:58,3
DA:59,0
DA:60,0
DA:61,0
DA:63,0
DA:64,0
DA:65,0
DA:66,0
DA:68,0
DA:69,0
DA:70,0
DA:74,0
DA:75,0
DA:78,0
DA:93,0
DA:95,0
DA:99,3
LF:38
LH:12
BRDA:32,0,0,0
BRDA:64,1,0,0
BRDA:68,2,0,0
BRDA:74,3,0,0
BRDA:85,4,0,0
BRDA:85,4,1,0
BRDA:86,5,0,0
BRDA:86,5,1,0
BRDA:87,6,0,0
BRDA:87,6,1,0
BRDA:88,7,0,0
BRDA:88,7,1,0
BRDA:89,8,0,0
BRDA:89,8,1,0
BRF:14
BRH:0
end_of_record
TN:
SF:src\routes\points.ts
FN:8,(anonymous_0)
FN:44,(anonymous_1)
FNF:2
FNH:2
FNDA:3,(anonymous_0)
FNDA:3,(anonymous_1)
DA:1,3
DA:2,3
DA:3,3
DA:5,3
DA:8,3
DA:9,3
DA:10,3
DA:12,3
DA:23,3
DA:24,1
DA:25,1
DA:28,2
DA:39,0
DA:44,3
DA:45,3
DA:46,3
DA:47,3
DA:48,3
DA:49,3
DA:51,3
DA:69,3
DA:79,0
DA:83,3
LF:23
LH:21
BRDA:23,0,0,1
BRDA:23,1,0,3
BRDA:23,1,1,2
BRDA:47,2,0,3
BRDA:47,2,1,2
BRDA:48,3,0,3
BRDA:48,3,1,1
BRF:7
BRH:7
end_of_record
TN:
SF:src\routes\relations.ts
FN:54,(anonymous_0)
FN:69,(anonymous_1)
FN:106,(anonymous_2)
FN:131,(anonymous_3)
FN:152,(anonymous_4)
FN:209,(anonymous_5)
FN:210,(anonymous_6)
FN:213,(anonymous_7)
FN:214,(anonymous_8)
FN:254,(anonymous_9)
FN:258,(anonymous_10)
FN:264,(anonymous_11)
FN:265,(anonymous_12)
FN:271,(anonymous_13)
FN:277,(anonymous_14)
FNF:15
FNH:13
FNDA:1,(anonymous_0)
FNDA:40,(anonymous_1)
FNDA:3,(anonymous_2)
FNDA:1,(anonymous_3)
FNDA:41,(anonymous_4)
FNDA:29,(anonymous_5)
FNDA:15,(anonymous_6)
FNDA:29,(anonymous_7)
FNDA:14,(anonymous_8)
FNDA:13,(anonymous_9)
FNDA:9,(anonymous_10)
FNDA:13,(anonymous_11)
FNDA:9,(anonymous_12)
FNDA:0,(anonymous_13)
FNDA:0,(anonymous_14)
DA:1,3
DA:2,3
DA:3,3
DA:4,3
DA:5,3
DA:6,3
DA:7,3
DA:13,3
DA:32,3
DA:52,3
DA:54,1
DA:70,40
DA:71,0
DA:77,40
DA:78,0
DA:84,40
DA:85,1
DA:93,3
DA:94,3
DA:96,3
DA:106,3
DA:107,3
DA:108,3
DA:109,3
DA:110,3
DA:112,3
DA:113,3
DA:114,1
DA:115,1
DA:119,2
DA:131,2
DA:142,2
DA:147,0
DA:152,3
DA:153,41
DA:154,41
DA:155,41
DA:157,39
DA:158,39
DA:159,1
DA:160,1
DA:162,38
DA:163,1
DA:164,1
DA:173,37
DA:175,37
DA:176,1
DA:177,1
DA:180,36
DA:181,2
DA:182,2
DA:187,34
DA:191,34
DA:192,4
DA:193,4
DA:197,30
DA:198,6
DA:201,6
DA:202,1
DA:203,1
DA:208,29
DA:209,29
DA:210,15
DA:212,29
DA:213,29
DA:214,14
DA:219,29
DA:220,29
DA:221,0
DA:222,0
DA:226,29
DA:227,14
DA:228,14
DA:232,14
DA:233,0
DA:234,0
DA:239,29
DA:240,29
DA:241,14
DA:242,14
DA:246,14
DA:247,1
DA:248,1
DA:253,13
DA:254,13
DA:255,13
DA:256,13
DA:257,13
DA:258,13
DA:259,9
DA:260,9
DA:261,9
DA:263,13
DA:264,13
DA:265,9
DA:267,13
DA:268,9
DA:269,9
DA:270,9
DA:271,9
DA:272,9
DA:273,0
DA:277,0
DA:278,0
DA:279,0
DA:283,13
DA:289,28
DA:290,23
DA:297,23
DA:298,7
DA:299,7
DA:304,21
DA:309,21
DA:310,0
DA:313,0
DA:314,0
DA:315,0
DA:317,0
DA:318,0
DA:319,0
DA:321,0
DA:322,0
DA:323,0
DA:329,21
DA:343,21
DA:354,2
DA:358,3
LF:127
LH:106
BRDA:70,0,0,0
BRDA:70,1,0,40
BRDA:70,1,1,0
BRDA:70,2,0,0
BRDA:70,2,1,0
BRDA:77,3,0,0
BRDA:77,4,0,40
BRDA:77,4,1,11
BRDA:84,5,0,1
BRDA:84,6,0,40
BRDA:84,6,1,8
BRDA:113,7,0,1
BRDA:135,8,0,1
BRDA:135,8,1,0
BRDA:137,9,0,1
BRDA:137,9,1,1
BRDA:158,10,0,1
BRDA:162,11,0,1
BRDA:175,12,0,1
BRDA:175,13,0,37
BRDA:175,13,1,5
BRDA:180,14,0,2
BRDA:180,15,0,36
BRDA:180,15,1,25
BRDA:191,16,0,4
BRDA:191,17,0,34
BRDA:191,17,1,28
BRDA:197,18,0,6
BRDA:201,19,0,1
BRDA:209,20,0,29
BRDA:209,20,1,15
BRDA:220,21,0,0
BRDA:226,22,0,14
BRDA:232,23,0,0
BRDA:240,24,0,14
BRDA:246,25,0,1
BRDA:259,26,0,0
BRDA:264,27,0,13
BRDA:264,27,1,0
BRDA:270,28,0,0
BRDA:270,29,0,9
BRDA:270,29,1,9
BRDA:270,30,0,9
BRDA:270,30,1,0
BRDA:272,31,0,9
BRDA:289,32,0,23
BRDA:289,33,0,28
BRDA:289,33,1,18
BRDA:289,33,2,10
BRDA:297,34,0,7
BRDA:304,35,0,8
BRDA:304,35,1,13
BRDA:304,36,0,21
BRDA:304,36,1,16
BRDA:304,36,2,8
BRDA:309,37,0,0
BRDA:313,38,0,0
BRDA:317,39,0,0
BRDA:321,40,0,0
BRDA:335,41,0,21
BRDA:335,41,1,17
BRDA:337,42,0,21
BRDA:337,42,1,5
BRDA:338,43,0,21
BRDA:338,43,1,21
BRDA:347,44,0,21
BRDA:347,44,1,17
BRDA:349,45,0,21
BRDA:349,45,1,21
BRF:69
BRH:53
end_of_record
TN:
SF:src\routes\rules.ts
FN:7,(anonymous_0)
FNF:1
FNH:1
FNDA:3,(anonymous_0)
DA:1,3
DA:2,3
DA:4,3
DA:7,3
DA:8,3
DA:9,3
DA:22,3
DA:23,1
DA:24,1
DA:27,2
DA:29,0
DA:33,3
LF:12
LH:11
BRDA:22,0,0,1
BRF:1
BRH:1
end_of_record
TN:
SF:src\routes\topics.ts
FN:26,(anonymous_0)
FN:64,(anonymous_1)
FN:79,(anonymous_2)
FN:102,(anonymous_3)
FNF:4
FNH:0
FNDA:0,(anonymous_0)
FNDA:0,(anonymous_1)
FNDA:0,(anonymous_2)
FNDA:0,(anonymous_3)
DA:1,3
DA:2,3
DA:3,3
DA:4,3
DA:5,3
DA:7,3
DA:9,3
DA:14,3
DA:18,3
DA:26,3
DA:27,0
DA:28,0
DA:29,0
DA:31,0
DA:40,0
DA:54,0
DA:59,0
DA:64,3
DA:65,0
DA:66,0
DA:67,0
DA:72,0
DA:74,0
DA:79,3
DA:80,0
DA:81,0
DA:82,0
DA:90,0
DA:91,0
DA:92,0
DA:95,0
DA:97,0
DA:102,3
DA:103,0
DA:104,0
DA:105,0
DA:106,0
DA:108,0
DA:109,0
DA:110,0
DA:113,0
DA:114,0
DA:115,0
DA:118,0
DA:125,0
DA:127,0
DA:131,3
LF:47
LH:14
BRDA:31,0,0,0
BRDA:31,0,1,0
BRDA:90,1,0,0
BRDA:108,2,0,0
BRDA:113,3,0,0
BRF:5
BRH:0
end_of_record
